Using pre-set license
Built from '2020.3/staging' branch; Version is '2020.3.13f1 (71691879b7f5) revision 7432472'; Using compiler version '192528614'; Build Type 'Release'
OS: 'Windows 10 Home Single Language; OS build 19042.1083; Version 2009; 64bit' Language: 'en' Physical Memory: 15776 MB
BatchMode: 1, IsHumanControllingUs: 0, StartBugReporterOnCrash: 0, Is64bit: 1, IsPro: 0

 COMMAND LINE ARGUMENTS:
C:\Program Files\Unity\Hub\Editor\2020.3.13f1\Editor\Unity.exe
-adb2
-batchMode
-noUpm
-name
AssetImportWorker1
-projectPath
C:/Users/gumbe/Desktop/Unity Projects/Rocket Rush
-logFile
Logs/AssetImportWorker1.log
-srvPort
63530
Successfully changed project path to: C:/Users/gumbe/Desktop/Unity Projects/Rocket Rush
C:/Users/gumbe/Desktop/Unity Projects/Rocket Rush
Using Asset Import Pipeline V2.
Refreshing native plugins compatible for Editor in 31.22 ms, found 2 plugins.
Preloading 0 native plugins for Editor in 0.00 ms.
Initialize engine version: 2020.3.13f1 (71691879b7f5)
[Subsystems] Discovering subsystems at path C:/Program Files/Unity/Hub/Editor/2020.3.13f1/Editor/Data/Resources/UnitySubsystems
[Subsystems] Discovering subsystems at path C:/Users/gumbe/Desktop/Unity Projects/Rocket Rush/Assets
GfxDevice: creating device client; threaded=0
Direct3D:
    Version:  Direct3D 11.0 [level 11.1]
    Renderer: AMD Radeon(TM) Graphics (ID=0x1638)
    Vendor:   
    VRAM:     7888 MB
    Driver:   27.20.14044.1003
Initialize mono
Mono path[0] = 'C:/Program Files/Unity/Hub/Editor/2020.3.13f1/Editor/Data/Managed'
Mono path[1] = 'C:/Program Files/Unity/Hub/Editor/2020.3.13f1/Editor/Data/MonoBleedingEdge/lib/mono/unityjit'
Mono config path = 'C:/Program Files/Unity/Hub/Editor/2020.3.13f1/Editor/Data/MonoBleedingEdge/etc'
Using monoOptions --debugger-agent=transport=dt_socket,embedding=1,server=y,suspend=n,address=127.0.0.1:56476
Begin MonoManager ReloadAssembly
Registering precompiled unity dll's ...
Register platform support module: C:/Program Files/Unity/Hub/Editor/2020.3.13f1/Editor/Data/PlaybackEngines/WebGLSupport/UnityEditor.WebGL.Extensions.dll
Register platform support module: C:/Program Files/Unity/Hub/Editor/2020.3.13f1/Editor/Data/PlaybackEngines/MacStandaloneSupport/UnityEditor.OSXStandalone.Extensions.dll
Register platform support module: C:/Program Files/Unity/Hub/Editor/2020.3.13f1/Editor/Data/PlaybackEngines/WindowsStandaloneSupport/UnityEditor.WindowsStandalone.Extensions.dll
Registered in 0.003746 seconds.
Native extension for WindowsStandalone target not found
Native extension for OSXStandalone target not found
Native extension for WebGL target not found
Refreshing native plugins compatible for Editor in 29.61 ms, found 2 plugins.
Preloading 0 native plugins for Editor in 0.00 ms.
Mono: successfully reloaded assembly
- Completed reload, in  5.123 seconds
Platform modules already initialized, skipping
Registering precompiled user dll's ...
Registered in 0.004266 seconds.
Begin MonoManager ReloadAssembly
Native extension for WindowsStandalone target not found
Native extension for OSXStandalone target not found
Native extension for WebGL target not found
Refreshing native plugins compatible for Editor in 0.40 ms, found 2 plugins.
Preloading 0 native plugins for Editor in 0.00 ms.
Mono: successfully reloaded assembly
- Completed reload, in  0.771 seconds
Platform modules already initialized, skipping
========================================================================
Worker process is ready to serve import requests
Launched and connected shader compiler UnityShaderCompiler.exe after 3.54 seconds
Refreshing native plugins compatible for Editor in 0.43 ms, found 2 plugins.
Preloading 0 native plugins for Editor in 0.00 ms.
Unloading 1555 Unused Serialized files (Serialized files now loaded: 0)
System memory in use before: 73.1 MB.
System memory in use after: 73.1 MB.

Unloading 21 unused Assets to reduce memory usage. Loaded Objects now: 1995.
Total: 2.344600 ms (FindLiveObjects: 0.142400 ms CreateObjectMapping: 0.041700 ms MarkObjects: 2.071300 ms  DeleteObjects: 0.087800 ms)

AssetImportParameters requested are different than current active one (requested -> active):
  custom:framework-win-MediaFoundation: 216162199b28c13a410421893ffa2e32 -> 
  custom:video-decoder-ogg-theora: a1e56fd34408186e4bbccfd4996cb3dc -> 
  custom:container-muxer-webm: aa71ff27fc2769a1b78a27578f13a17b -> 
  custom:container-demuxer-webm: 4f35f7cbe854078d1ac9338744f61a02 -> 
  custom:container-demuxer-ogg: 62fdf1f143b41e24485cea50d1cbac27 -> 
  custom:video-encoder-webm-vp8: eb34c28f22e8b96e1ab97ce403110664 -> 
  custom:video-codec-MediaFoundation-h265: 746d11721c4dcdbdad8f713fa42b33f4 -> 
  custom:video-decoder-webm-vp8: 9c59270c3fd7afecdb556c50c9e8de78 -> 
  custom:audio-decoder-ogg-vorbis: bf7c407c2cedff20999df2af8eb42d56 -> 
  custom:audio-encoder-webm-vorbis: bf7c407c2cedff20999df2af8eb42d56 -> 
========================================================================
Received Import Request.
  path: Assets/Prefabs/Scifi Rock Orange 4.prefab
  artifactKey: Guid(26c5c0a80afbe3247bdca0d2586d889d) Importer(815301076,1909f56bfc062723c751e8b465ee728b)
Start importing Assets/Prefabs/Scifi Rock Orange 4.prefab using Guid(26c5c0a80afbe3247bdca0d2586d889d) Importer(815301076,1909f56bfc062723c751e8b465ee728b)  -> (artifact id: '476a521682dabeec8ce1b3d5c6634233') in 0.074017 seconds 
  Import took 0.076422 seconds .

========================================================================
Received Import Request.
  Time since last request: 0.000205 seconds.
  path: Assets/Prefabs/Landing Pad.prefab
  artifactKey: Guid(af924acb73f7ddb4fbb2e4acafd55b2a) Importer(815301076,1909f56bfc062723c751e8b465ee728b)
Start importing Assets/Prefabs/Landing Pad.prefab using Guid(af924acb73f7ddb4fbb2e4acafd55b2a) Importer(815301076,1909f56bfc062723c751e8b465ee728b)  -> (artifact id: '7ce306f915d46cb37b643ee9e083652f') in 0.010499 seconds 
  Import took 0.012799 seconds .

========================================================================
Received Import Request.
  Time since last request: 0.000212 seconds.
  path: Assets/Prefabs/Launch Pad.prefab
  artifactKey: Guid(527467127d152a34ab87ad32763caa43) Importer(815301076,1909f56bfc062723c751e8b465ee728b)
Start importing Assets/Prefabs/Launch Pad.prefab using Guid(527467127d152a34ab87ad32763caa43) Importer(815301076,1909f56bfc062723c751e8b465ee728b)  -> (artifact id: '9ca88f39b502be47f70d9311dec7eb51') in 0.010177 seconds 
  Import took 0.012804 seconds .

========================================================================
Received Import Request.
  Time since last request: 10.770374 seconds.
  path: Assets/Prefabs/Scifi Rock Orange 3.prefab
  artifactKey: Guid(5a41d2ca7bc251047b0f5339e37cfad5) Importer(815301076,1909f56bfc062723c751e8b465ee728b)
Start importing Assets/Prefabs/Scifi Rock Orange 3.prefab using Guid(5a41d2ca7bc251047b0f5339e37cfad5) Importer(815301076,1909f56bfc062723c751e8b465ee728b)  -> (artifact id: '09022a0f16cb246011c61495c6c3552c') in 0.012560 seconds 
  Import took 0.016253 seconds .

========================================================================
Received Import Request.
  Time since last request: 0.008429 seconds.
  path: Assets/Prefabs/Scifi Rock Orange 3.prefab
  artifactKey: Guid(5a41d2ca7bc251047b0f5339e37cfad5) Importer(815301076,1909f56bfc062723c751e8b465ee728b)
Start importing Assets/Prefabs/Scifi Rock Orange 3.prefab using Guid(5a41d2ca7bc251047b0f5339e37cfad5) Importer(815301076,1909f56bfc062723c751e8b465ee728b)  -> (artifact id: '09022a0f16cb246011c61495c6c3552c') in 0.018658 seconds 
  Import took 0.024225 seconds .

========================================================================
Received Import Request.
  Time since last request: 23.221400 seconds.
  path: Assets/Prefabs/Rocket Orignal.prefab
  artifactKey: Guid(4d2fd966fda75da4ba75900b35b082bc) Importer(815301076,1909f56bfc062723c751e8b465ee728b)
Start importing Assets/Prefabs/Rocket Orignal.prefab using Guid(4d2fd966fda75da4ba75900b35b082bc) Importer(815301076,1909f56bfc062723c751e8b465ee728b)  -> (artifact id: 'd22f2fbcc63a09cc015d0100b00f0a0a') in 0.035554 seconds 
  Import took 0.042582 seconds .

========================================================================
Received Import Request.
  Time since last request: 65.914290 seconds.
  path: Assets/Prefabs/Asteroid 3 1.prefab
  artifactKey: Guid(6a094516f1be8ae44a89c08d5b47cb3a) Importer(815301076,1909f56bfc062723c751e8b465ee728b)
Start importing Assets/Prefabs/Asteroid 3 1.prefab using Guid(6a094516f1be8ae44a89c08d5b47cb3a) Importer(815301076,1909f56bfc062723c751e8b465ee728b)  -> (artifact id: 'a040199d91b14f5eaa749a3ea88ae6bd') in 0.053507 seconds 
  Import took 0.058558 seconds .

========================================================================
Received Import Request.
  Time since last request: 42.754047 seconds.
  path: Assets/Prefabs/Boundary Rock.prefab
  artifactKey: Guid(6b0ac0c9a97c9cf45af0feaa6c738b9d) Importer(815301076,1909f56bfc062723c751e8b465ee728b)
Start importing Assets/Prefabs/Boundary Rock.prefab using Guid(6b0ac0c9a97c9cf45af0feaa6c738b9d) Importer(815301076,1909f56bfc062723c751e8b465ee728b)  -> (artifact id: '71ee074b0d8d086850c75df70daad989') in 0.016866 seconds 
  Import took 0.020735 seconds .

========================================================================
Received Import Request.
  Time since last request: 0.028491 seconds.
  path: Assets/Prefabs/Boundary Rock.prefab
  artifactKey: Guid(6b0ac0c9a97c9cf45af0feaa6c738b9d) Importer(815301076,1909f56bfc062723c751e8b465ee728b)
Start importing Assets/Prefabs/Boundary Rock.prefab using Guid(6b0ac0c9a97c9cf45af0feaa6c738b9d) Importer(815301076,1909f56bfc062723c751e8b465ee728b)  -> (artifact id: '71ee074b0d8d086850c75df70daad989') in 0.015074 seconds 
  Import took 0.019538 seconds .

