Using pre-set license
Built from '2020.3/staging' branch; Version is '2020.3.13f1 (71691879b7f5) revision 7432472'; Using compiler version '192528614'; Build Type 'Release'
OS: 'Windows 10 Home Single Language; OS build 19042.1110; Version 2009; 64bit' Language: 'en' Physical Memory: 15776 MB
BatchMode: 1, IsHumanControllingUs: 0, StartBugReporterOnCrash: 0, Is64bit: 1, IsPro: 0

 COMMAND LINE ARGUMENTS:
C:\Program Files\Unity\Hub\Editor\2020.3.13f1\Editor\Unity.exe
-adb2
-batchMode
-noUpm
-name
AssetImportWorker0
-projectPath
C:/Users/gumbe/Desktop/Unity Projects/Rocket Rush
-logFile
Logs/AssetImportWorker0.log
-srvPort
60167
Successfully changed project path to: C:/Users/gumbe/Desktop/Unity Projects/Rocket Rush
C:/Users/gumbe/Desktop/Unity Projects/Rocket Rush
Using Asset Import Pipeline V2.
Refreshing native plugins compatible for Editor in 28.72 ms, found 2 plugins.
Preloading 0 native plugins for Editor in 0.00 ms.
Initialize engine version: 2020.3.13f1 (71691879b7f5)
[Subsystems] Discovering subsystems at path C:/Program Files/Unity/Hub/Editor/2020.3.13f1/Editor/Data/Resources/UnitySubsystems
[Subsystems] Discovering subsystems at path C:/Users/gumbe/Desktop/Unity Projects/Rocket Rush/Assets
GfxDevice: creating device client; threaded=0
Direct3D:
    Version:  Direct3D 11.0 [level 11.1]
    Renderer: AMD Radeon(TM) Graphics (ID=0x1638)
    Vendor:   
    VRAM:     7888 MB
    Driver:   27.20.14044.1003
Initialize mono
Mono path[0] = 'C:/Program Files/Unity/Hub/Editor/2020.3.13f1/Editor/Data/Managed'
Mono path[1] = 'C:/Program Files/Unity/Hub/Editor/2020.3.13f1/Editor/Data/MonoBleedingEdge/lib/mono/unityjit'
Mono config path = 'C:/Program Files/Unity/Hub/Editor/2020.3.13f1/Editor/Data/MonoBleedingEdge/etc'
Using monoOptions --debugger-agent=transport=dt_socket,embedding=1,server=y,suspend=n,address=127.0.0.1:56976
Begin MonoManager ReloadAssembly
Registering precompiled unity dll's ...
Register platform support module: C:/Program Files/Unity/Hub/Editor/2020.3.13f1/Editor/Data/PlaybackEngines/WebGLSupport/UnityEditor.WebGL.Extensions.dll
Register platform support module: C:/Program Files/Unity/Hub/Editor/2020.3.13f1/Editor/Data/PlaybackEngines/MacStandaloneSupport/UnityEditor.OSXStandalone.Extensions.dll
Register platform support module: C:/Program Files/Unity/Hub/Editor/2020.3.13f1/Editor/Data/PlaybackEngines/WindowsStandaloneSupport/UnityEditor.WindowsStandalone.Extensions.dll
Registered in 0.002826 seconds.
Native extension for WindowsStandalone target not found
Native extension for OSXStandalone target not found
Native extension for WebGL target not found
Refreshing native plugins compatible for Editor in 27.62 ms, found 2 plugins.
Preloading 0 native plugins for Editor in 0.00 ms.
Mono: successfully reloaded assembly
- Completed reload, in  1.636 seconds
Platform modules already initialized, skipping
Registering precompiled user dll's ...
Registered in 0.004731 seconds.
Begin MonoManager ReloadAssembly
Native extension for WindowsStandalone target not found
Native extension for OSXStandalone target not found
Native extension for WebGL target not found
Refreshing native plugins compatible for Editor in 0.42 ms, found 2 plugins.
Preloading 0 native plugins for Editor in 0.00 ms.
Mono: successfully reloaded assembly
- Completed reload, in  0.716 seconds
Platform modules already initialized, skipping
========================================================================
Worker process is ready to serve import requests
Launched and connected shader compiler UnityShaderCompiler.exe after 0.04 seconds
Refreshing native plugins compatible for Editor in 0.39 ms, found 2 plugins.
Preloading 0 native plugins for Editor in 0.00 ms.
Unloading 1571 Unused Serialized files (Serialized files now loaded: 0)
System memory in use before: 80.5 MB.
System memory in use after: 80.6 MB.

Unloading 21 unused Assets to reduce memory usage. Loaded Objects now: 2016.
Total: 1.813500 ms (FindLiveObjects: 0.127600 ms CreateObjectMapping: 0.035600 ms MarkObjects: 1.580700 ms  DeleteObjects: 0.068800 ms)

AssetImportParameters requested are different than current active one (requested -> active):
  custom:framework-win-MediaFoundation: 216162199b28c13a410421893ffa2e32 -> 
  custom:video-decoder-ogg-theora: a1e56fd34408186e4bbccfd4996cb3dc -> 
  custom:container-muxer-webm: aa71ff27fc2769a1b78a27578f13a17b -> 
  custom:container-demuxer-webm: 4f35f7cbe854078d1ac9338744f61a02 -> 
  custom:container-demuxer-ogg: 62fdf1f143b41e24485cea50d1cbac27 -> 
  custom:video-encoder-webm-vp8: eb34c28f22e8b96e1ab97ce403110664 -> 
  custom:video-codec-MediaFoundation-h265: 746d11721c4dcdbdad8f713fa42b33f4 -> 
  custom:video-decoder-webm-vp8: 9c59270c3fd7afecdb556c50c9e8de78 -> 
  custom:audio-decoder-ogg-vorbis: bf7c407c2cedff20999df2af8eb42d56 -> 
  custom:audio-encoder-webm-vorbis: bf7c407c2cedff20999df2af8eb42d56 -> 
========================================================================
Received Import Request.
  path: Assets/DeepSpaceSkyboxPack/DiverseSpace
  artifactKey: Guid(808bdf431911dac4086c551f5a4f01ff) Importer(815301076,1909f56bfc062723c751e8b465ee728b)
Start importing Assets/DeepSpaceSkyboxPack/DiverseSpace using Guid(808bdf431911dac4086c551f5a4f01ff) Importer(815301076,1909f56bfc062723c751e8b465ee728b)  -> (artifact id: '76b4ef9fa4b710b5c1a2775308cb6c4a') in 0.004461 seconds 
  Import took 0.006548 seconds .

========================================================================
Received Import Request.
  Time since last request: 82.741855 seconds.
  path: Assets/DeepSpaceSkyboxPack/GalaxyFire
  artifactKey: Guid(d67c2ed01c9484948b31fed1118b97b0) Importer(815301076,1909f56bfc062723c751e8b465ee728b)
Start importing Assets/DeepSpaceSkyboxPack/GalaxyFire using Guid(d67c2ed01c9484948b31fed1118b97b0) Importer(815301076,1909f56bfc062723c751e8b465ee728b)  -> (artifact id: 'f7273b19004c6ec82aa929413cb402cc') in 0.002922 seconds 
  Import took 0.005472 seconds .

========================================================================
Received Import Request.
  Time since last request: 0.736417 seconds.
  path: Assets/DeepSpaceSkyboxPack/GalaxyFire/Material
  artifactKey: Guid(977cdc546e3d02c42a2d9d3da8aece8f) Importer(815301076,1909f56bfc062723c751e8b465ee728b)
Start importing Assets/DeepSpaceSkyboxPack/GalaxyFire/Material using Guid(977cdc546e3d02c42a2d9d3da8aece8f) Importer(815301076,1909f56bfc062723c751e8b465ee728b)  -> (artifact id: '3877cd51a74f205971b74a95970abf0b') in 0.002682 seconds 
  Import took 0.005204 seconds .

========================================================================
Received Import Request.
  Time since last request: 26.349493 seconds.
  path: Assets/Scenes/Level 2.unity
  artifactKey: Guid(943139d9fb54f3146af0896b9af70b8b) Importer(815301076,1909f56bfc062723c751e8b465ee728b)
Start importing Assets/Scenes/Level 2.unity using Guid(943139d9fb54f3146af0896b9af70b8b) Importer(815301076,1909f56bfc062723c751e8b465ee728b)  -> (artifact id: '28f3381dbfb5fef0b639b02d588ce6f8') in 0.010077 seconds 
  Import took 0.012461 seconds .

========================================================================
Received Import Request.
  Time since last request: 108.167282 seconds.
  path: Assets/Scenes/Level 4.unity
  artifactKey: Guid(902062a1b20c8dc4da86e589c5e9b200) Importer(815301076,1909f56bfc062723c751e8b465ee728b)
Start importing Assets/Scenes/Level 4.unity using Guid(902062a1b20c8dc4da86e589c5e9b200) Importer(815301076,1909f56bfc062723c751e8b465ee728b)  -> (artifact id: 'f2dd82c28c9c6abf92b976c1b3a5167c') in 0.002476 seconds 
  Import took 0.005631 seconds .

========================================================================
Received Prepare
Registering precompiled user dll's ...
Registered in 0.004574 seconds.
Begin MonoManager ReloadAssembly
Native extension for WindowsStandalone target not found
Native extension for OSXStandalone target not found
Native extension for WebGL target not found
Refreshing native plugins compatible for Editor in 0.39 ms, found 2 plugins.
Preloading 0 native plugins for Editor in 0.00 ms.
Mono: successfully reloaded assembly
- Completed reload, in  0.677 seconds
Platform modules already initialized, skipping
Refreshing native plugins compatible for Editor in 0.41 ms, found 2 plugins.
Preloading 0 native plugins for Editor in 0.00 ms.
Unloading 1548 Unused Serialized files (Serialized files now loaded: 0)
System memory in use before: 78.8 MB.
System memory in use after: 78.9 MB.

Unloading 16 unused Assets to reduce memory usage. Loaded Objects now: 2019.
Total: 1.768400 ms (FindLiveObjects: 0.170000 ms CreateObjectMapping: 0.035700 ms MarkObjects: 1.511600 ms  DeleteObjects: 0.050300 ms)

AssetImportParameters requested are different than current active one (requested -> active):
  custom:framework-win-MediaFoundation: 216162199b28c13a410421893ffa2e32 -> 
  custom:video-decoder-ogg-theora: a1e56fd34408186e4bbccfd4996cb3dc -> 
  custom:container-muxer-webm: aa71ff27fc2769a1b78a27578f13a17b -> 
  custom:container-demuxer-webm: 4f35f7cbe854078d1ac9338744f61a02 -> 
  custom:container-demuxer-ogg: 62fdf1f143b41e24485cea50d1cbac27 -> 
  custom:video-encoder-webm-vp8: eb34c28f22e8b96e1ab97ce403110664 -> 
  custom:video-codec-MediaFoundation-h265: 746d11721c4dcdbdad8f713fa42b33f4 -> 
  custom:video-decoder-webm-vp8: 9c59270c3fd7afecdb556c50c9e8de78 -> 
  custom:audio-decoder-ogg-vorbis: bf7c407c2cedff20999df2af8eb42d56 -> 
  custom:audio-encoder-webm-vorbis: bf7c407c2cedff20999df2af8eb42d56 -> 
========================================================================
Received Prepare
Refreshing native plugins compatible for Editor in 3.84 ms, found 2 plugins.
Preloading 0 native plugins for Editor in 0.00 ms.
Unloading 13 Unused Serialized files (Serialized files now loaded: 0)
System memory in use before: 48.3 MB.
System memory in use after: 48.4 MB.

Unloading 13 unused Assets to reduce memory usage. Loaded Objects now: 2019.
Total: 1.734500 ms (FindLiveObjects: 0.148700 ms CreateObjectMapping: 0.029400 ms MarkObjects: 1.504900 ms  DeleteObjects: 0.050900 ms)

AssetImportParameters requested are different than current active one (requested -> active):
  custom:framework-win-MediaFoundation: 216162199b28c13a410421893ffa2e32 -> 
  custom:video-decoder-ogg-theora: a1e56fd34408186e4bbccfd4996cb3dc -> 
  custom:container-muxer-webm: aa71ff27fc2769a1b78a27578f13a17b -> 
  custom:container-demuxer-webm: 4f35f7cbe854078d1ac9338744f61a02 -> 
  custom:container-demuxer-ogg: 62fdf1f143b41e24485cea50d1cbac27 -> 
  custom:video-encoder-webm-vp8: eb34c28f22e8b96e1ab97ce403110664 -> 
  custom:video-codec-MediaFoundation-h265: 746d11721c4dcdbdad8f713fa42b33f4 -> 
  custom:video-decoder-webm-vp8: 9c59270c3fd7afecdb556c50c9e8de78 -> 
  custom:audio-decoder-ogg-vorbis: bf7c407c2cedff20999df2af8eb42d56 -> 
  custom:audio-encoder-webm-vorbis: bf7c407c2cedff20999df2af8eb42d56 -> 
========================================================================
Received Import Request.
  Time since last request: 2243.846258 seconds.
  path: Assets/Scenes/Level 4.unity
  artifactKey: Guid(902062a1b20c8dc4da86e589c5e9b200) Importer(815301076,1909f56bfc062723c751e8b465ee728b)
Start importing Assets/Scenes/Level 4.unity using Guid(902062a1b20c8dc4da86e589c5e9b200) Importer(815301076,1909f56bfc062723c751e8b465ee728b)  -> (artifact id: 'af3c440a84f97c386c2a9e89279bf0bf') in 0.017143 seconds 
  Import took 0.022050 seconds .

========================================================================
Received Import Request.
  Time since last request: 60.456544 seconds.
  path: Assets/Scenes/Template 1.unity
  artifactKey: Guid(53b8c7e897198414587bdc8da21b4dd6) Importer(815301076,1909f56bfc062723c751e8b465ee728b)
Start importing Assets/Scenes/Template 1.unity using Guid(53b8c7e897198414587bdc8da21b4dd6) Importer(815301076,1909f56bfc062723c751e8b465ee728b)  -> (artifact id: 'e01657f5772cf5f94b2e8f7d7dbd3cc8') in 0.005693 seconds 
  Import took 0.011457 seconds .

========================================================================
Received Import Request.
  Time since last request: 8.641040 seconds.
  path: Assets/Scenes/Level 5.unity
  artifactKey: Guid(a89e68e66f7e88f47b960b4d386bebde) Importer(815301076,1909f56bfc062723c751e8b465ee728b)
Start importing Assets/Scenes/Level 5.unity using Guid(a89e68e66f7e88f47b960b4d386bebde) Importer(815301076,1909f56bfc062723c751e8b465ee728b)  -> (artifact id: '10cfcac3d5cf308a8e6fde1d6369bad4') in 0.005853 seconds 
  Import took 0.011564 seconds .

========================================================================
Received Import Request.
  Time since last request: 63.532555 seconds.
  path: Assets/Boundary_Low Poly Space Rocks/Components/Textures/Emission.png
  artifactKey: Guid(c10c326e807041542b536ee3f68a9003) Importer(815301076,1909f56bfc062723c751e8b465ee728b)
Start importing Assets/Boundary_Low Poly Space Rocks/Components/Textures/Emission.png using Guid(c10c326e807041542b536ee3f68a9003) Importer(815301076,1909f56bfc062723c751e8b465ee728b)  -> (artifact id: '98f72896a13c5f31d85bf5e1e5b1cecb') in 0.116806 seconds 
  Import took 0.121289 seconds .

========================================================================
Received Import Request.
  Time since last request: 0.000358 seconds.
  path: Assets/Boundary_Low Poly Space Rocks/Components/Textures/Texture.png
  artifactKey: Guid(d5dff5adaa43a5144b91ee75bbc99ca5) Importer(815301076,1909f56bfc062723c751e8b465ee728b)
Start importing Assets/Boundary_Low Poly Space Rocks/Components/Textures/Texture.png using Guid(d5dff5adaa43a5144b91ee75bbc99ca5) Importer(815301076,1909f56bfc062723c751e8b465ee728b)  -> (artifact id: '57303bfb42e709f6adf5ad6e93cc72a5') in 0.014518 seconds 
  Import took 0.018850 seconds .

========================================================================
Received Prepare
Registering precompiled user dll's ...
Registered in 0.007921 seconds.
Begin MonoManager ReloadAssembly
Native extension for WindowsStandalone target not found
Native extension for OSXStandalone target not found
Native extension for WebGL target not found
Refreshing native plugins compatible for Editor in 0.85 ms, found 2 plugins.
Preloading 0 native plugins for Editor in 0.00 ms.
Mono: successfully reloaded assembly
- Completed reload, in  1.144 seconds
Platform modules already initialized, skipping
Refreshing native plugins compatible for Editor in 1.08 ms, found 2 plugins.
Preloading 0 native plugins for Editor in 0.00 ms.
Unloading 1548 Unused Serialized files (Serialized files now loaded: 0)
System memory in use before: 78.9 MB.
System memory in use after: 79.0 MB.

Unloading 16 unused Assets to reduce memory usage. Loaded Objects now: 2024.
Total: 3.476200 ms (FindLiveObjects: 0.281700 ms CreateObjectMapping: 0.045000 ms MarkObjects: 3.032700 ms  DeleteObjects: 0.114900 ms)

AssetImportParameters requested are different than current active one (requested -> active):
  custom:framework-win-MediaFoundation: 216162199b28c13a410421893ffa2e32 -> 
  custom:video-decoder-ogg-theora: a1e56fd34408186e4bbccfd4996cb3dc -> 
  custom:container-muxer-webm: aa71ff27fc2769a1b78a27578f13a17b -> 
  custom:container-demuxer-webm: 4f35f7cbe854078d1ac9338744f61a02 -> 
  custom:container-demuxer-ogg: 62fdf1f143b41e24485cea50d1cbac27 -> 
  custom:video-encoder-webm-vp8: eb34c28f22e8b96e1ab97ce403110664 -> 
  custom:video-codec-MediaFoundation-h265: 746d11721c4dcdbdad8f713fa42b33f4 -> 
  custom:video-decoder-webm-vp8: 9c59270c3fd7afecdb556c50c9e8de78 -> 
  custom:audio-decoder-ogg-vorbis: bf7c407c2cedff20999df2af8eb42d56 -> 
  custom:audio-encoder-webm-vorbis: bf7c407c2cedff20999df2af8eb42d56 -> 
========================================================================
Received Prepare
Registering precompiled user dll's ...
Registered in 0.007894 seconds.
Begin MonoManager ReloadAssembly
Native extension for WindowsStandalone target not found
Native extension for OSXStandalone target not found
Native extension for WebGL target not found
Refreshing native plugins compatible for Editor in 0.74 ms, found 2 plugins.
Preloading 0 native plugins for Editor in 0.00 ms.
Mono: successfully reloaded assembly
- Completed reload, in  1.075 seconds
Platform modules already initialized, skipping
Refreshing native plugins compatible for Editor in 0.45 ms, found 2 plugins.
Preloading 0 native plugins for Editor in 0.00 ms.
Unloading 1548 Unused Serialized files (Serialized files now loaded: 0)
System memory in use before: 78.9 MB.
System memory in use after: 79.0 MB.

Unloading 16 unused Assets to reduce memory usage. Loaded Objects now: 2027.
Total: 2.359900 ms (FindLiveObjects: 0.150400 ms CreateObjectMapping: 0.047100 ms MarkObjects: 2.075700 ms  DeleteObjects: 0.085700 ms)

AssetImportParameters requested are different than current active one (requested -> active):
  custom:framework-win-MediaFoundation: 216162199b28c13a410421893ffa2e32 -> 
  custom:video-decoder-ogg-theora: a1e56fd34408186e4bbccfd4996cb3dc -> 
  custom:container-muxer-webm: aa71ff27fc2769a1b78a27578f13a17b -> 
  custom:container-demuxer-webm: 4f35f7cbe854078d1ac9338744f61a02 -> 
  custom:container-demuxer-ogg: 62fdf1f143b41e24485cea50d1cbac27 -> 
  custom:video-encoder-webm-vp8: eb34c28f22e8b96e1ab97ce403110664 -> 
  custom:video-codec-MediaFoundation-h265: 746d11721c4dcdbdad8f713fa42b33f4 -> 
  custom:video-decoder-webm-vp8: 9c59270c3fd7afecdb556c50c9e8de78 -> 
  custom:audio-decoder-ogg-vorbis: bf7c407c2cedff20999df2af8eb42d56 -> 
  custom:audio-encoder-webm-vorbis: bf7c407c2cedff20999df2af8eb42d56 -> 
========================================================================
Received Prepare
Refreshing native plugins compatible for Editor in 4.94 ms, found 2 plugins.
Preloading 0 native plugins for Editor in 0.00 ms.
Unloading 13 Unused Serialized files (Serialized files now loaded: 0)
System memory in use before: 48.4 MB.
System memory in use after: 48.5 MB.

Unloading 13 unused Assets to reduce memory usage. Loaded Objects now: 2027.
Total: 2.198100 ms (FindLiveObjects: 0.170700 ms CreateObjectMapping: 0.040000 ms MarkObjects: 1.923700 ms  DeleteObjects: 0.063000 ms)

AssetImportParameters requested are different than current active one (requested -> active):
  custom:framework-win-MediaFoundation: 216162199b28c13a410421893ffa2e32 -> 
  custom:video-decoder-ogg-theora: a1e56fd34408186e4bbccfd4996cb3dc -> 
  custom:container-muxer-webm: aa71ff27fc2769a1b78a27578f13a17b -> 
  custom:container-demuxer-webm: 4f35f7cbe854078d1ac9338744f61a02 -> 
  custom:container-demuxer-ogg: 62fdf1f143b41e24485cea50d1cbac27 -> 
  custom:video-encoder-webm-vp8: eb34c28f22e8b96e1ab97ce403110664 -> 
  custom:video-codec-MediaFoundation-h265: 746d11721c4dcdbdad8f713fa42b33f4 -> 
  custom:video-decoder-webm-vp8: 9c59270c3fd7afecdb556c50c9e8de78 -> 
  custom:audio-decoder-ogg-vorbis: bf7c407c2cedff20999df2af8eb42d56 -> 
  custom:audio-encoder-webm-vorbis: bf7c407c2cedff20999df2af8eb42d56 -> 
========================================================================
Received Import Request.
  Time since last request: 2502.954932 seconds.
  path: Assets/Scenes/Level 5.unity
  artifactKey: Guid(a89e68e66f7e88f47b960b4d386bebde) Importer(815301076,1909f56bfc062723c751e8b465ee728b)
Start importing Assets/Scenes/Level 5.unity using Guid(a89e68e66f7e88f47b960b4d386bebde) Importer(815301076,1909f56bfc062723c751e8b465ee728b)  -> (artifact id: '30653b8f7468db46f06ff2273d5e094f') in 0.010642 seconds 
  Import took 0.013573 seconds .

========================================================================
Received Import Request.
  Time since last request: 18.134068 seconds.
  path: Assets/Scenes/Template 2.unity
  artifactKey: Guid(cc99b7ab93dae944d83ebce938171f42) Importer(815301076,1909f56bfc062723c751e8b465ee728b)
Start importing Assets/Scenes/Template 2.unity using Guid(cc99b7ab93dae944d83ebce938171f42) Importer(815301076,1909f56bfc062723c751e8b465ee728b)  -> (artifact id: '0283424809d11d57f8c85182787055e1') in 0.002960 seconds 
  Import took 0.005736 seconds .

========================================================================
Received Import Request.
  Time since last request: 9.818843 seconds.
  path: Assets/Scenes/Level 6.unity
  artifactKey: Guid(cc99b7ab93dae944d83ebce938171f42) Importer(815301076,1909f56bfc062723c751e8b465ee728b)
Start importing Assets/Scenes/Level 6.unity using Guid(cc99b7ab93dae944d83ebce938171f42) Importer(815301076,1909f56bfc062723c751e8b465ee728b)  -> (artifact id: '3cd144747bfd7b636a7bf25da3ddb511') in 0.002819 seconds 
  Import took 0.005265 seconds .

========================================================================
Received Prepare
Registering precompiled user dll's ...
Registered in 0.004896 seconds.
Begin MonoManager ReloadAssembly
Native extension for WindowsStandalone target not found
Native extension for OSXStandalone target not found
Native extension for WebGL target not found
Refreshing native plugins compatible for Editor in 0.39 ms, found 2 plugins.
Preloading 0 native plugins for Editor in 0.00 ms.
Mono: successfully reloaded assembly
- Completed reload, in  0.684 seconds
Platform modules already initialized, skipping
Refreshing native plugins compatible for Editor in 0.39 ms, found 2 plugins.
Preloading 0 native plugins for Editor in 0.00 ms.
Unloading 1548 Unused Serialized files (Serialized files now loaded: 0)
System memory in use before: 78.9 MB.
System memory in use after: 79.0 MB.

Unloading 16 unused Assets to reduce memory usage. Loaded Objects now: 2030.
Total: 1.851500 ms (FindLiveObjects: 0.163600 ms CreateObjectMapping: 0.036400 ms MarkObjects: 1.596200 ms  DeleteObjects: 0.054400 ms)

AssetImportParameters requested are different than current active one (requested -> active):
  custom:framework-win-MediaFoundation: 216162199b28c13a410421893ffa2e32 -> 
  custom:video-decoder-ogg-theora: a1e56fd34408186e4bbccfd4996cb3dc -> 
  custom:container-muxer-webm: aa71ff27fc2769a1b78a27578f13a17b -> 
  custom:container-demuxer-webm: 4f35f7cbe854078d1ac9338744f61a02 -> 
  custom:container-demuxer-ogg: 62fdf1f143b41e24485cea50d1cbac27 -> 
  custom:video-encoder-webm-vp8: eb34c28f22e8b96e1ab97ce403110664 -> 
  custom:video-codec-MediaFoundation-h265: 746d11721c4dcdbdad8f713fa42b33f4 -> 
  custom:video-decoder-webm-vp8: 9c59270c3fd7afecdb556c50c9e8de78 -> 
  custom:audio-decoder-ogg-vorbis: bf7c407c2cedff20999df2af8eb42d56 -> 
  custom:audio-encoder-webm-vorbis: bf7c407c2cedff20999df2af8eb42d56 -> 
========================================================================
Received Import Request.
  Time since last request: 914.749809 seconds.
  path: Assets/Scenes/Level 5.unity
  artifactKey: Guid(a89e68e66f7e88f47b960b4d386bebde) Importer(815301076,1909f56bfc062723c751e8b465ee728b)
Start importing Assets/Scenes/Level 5.unity using Guid(a89e68e66f7e88f47b960b4d386bebde) Importer(815301076,1909f56bfc062723c751e8b465ee728b)  -> (artifact id: 'e207c3a1fae53dc26d52492abaf5309b') in 0.010903 seconds 
  Import took 0.013742 seconds .

========================================================================
Received Prepare
Registering precompiled user dll's ...
Registered in 0.004245 seconds.
Begin MonoManager ReloadAssembly
Native extension for WindowsStandalone target not found
Native extension for OSXStandalone target not found
Native extension for WebGL target not found
Refreshing native plugins compatible for Editor in 0.40 ms, found 2 plugins.
Preloading 0 native plugins for Editor in 0.00 ms.
Mono: successfully reloaded assembly
- Completed reload, in  0.676 seconds
Platform modules already initialized, skipping
Refreshing native plugins compatible for Editor in 0.39 ms, found 2 plugins.
Preloading 0 native plugins for Editor in 0.00 ms.
Unloading 1548 Unused Serialized files (Serialized files now loaded: 0)
System memory in use before: 79.0 MB.
System memory in use after: 79.0 MB.

Unloading 16 unused Assets to reduce memory usage. Loaded Objects now: 2033.
Total: 2.063900 ms (FindLiveObjects: 0.149300 ms CreateObjectMapping: 0.044600 ms MarkObjects: 1.816200 ms  DeleteObjects: 0.052400 ms)

AssetImportParameters requested are different than current active one (requested -> active):
  custom:framework-win-MediaFoundation: 216162199b28c13a410421893ffa2e32 -> 
  custom:video-decoder-ogg-theora: a1e56fd34408186e4bbccfd4996cb3dc -> 
  custom:container-muxer-webm: aa71ff27fc2769a1b78a27578f13a17b -> 
  custom:container-demuxer-webm: 4f35f7cbe854078d1ac9338744f61a02 -> 
  custom:container-demuxer-ogg: 62fdf1f143b41e24485cea50d1cbac27 -> 
  custom:video-encoder-webm-vp8: eb34c28f22e8b96e1ab97ce403110664 -> 
  custom:video-codec-MediaFoundation-h265: 746d11721c4dcdbdad8f713fa42b33f4 -> 
  custom:video-decoder-webm-vp8: 9c59270c3fd7afecdb556c50c9e8de78 -> 
  custom:audio-decoder-ogg-vorbis: bf7c407c2cedff20999df2af8eb42d56 -> 
  custom:audio-encoder-webm-vorbis: bf7c407c2cedff20999df2af8eb42d56 -> 
========================================================================
Received Prepare
Registering precompiled user dll's ...
Registered in 0.004437 seconds.
Begin MonoManager ReloadAssembly
Native extension for WindowsStandalone target not found
Native extension for OSXStandalone target not found
Native extension for WebGL target not found
Refreshing native plugins compatible for Editor in 0.39 ms, found 2 plugins.
Preloading 0 native plugins for Editor in 0.00 ms.
Mono: successfully reloaded assembly
- Completed reload, in  0.693 seconds
Platform modules already initialized, skipping
Refreshing native plugins compatible for Editor in 0.39 ms, found 2 plugins.
Preloading 0 native plugins for Editor in 0.00 ms.
Unloading 1548 Unused Serialized files (Serialized files now loaded: 0)
System memory in use before: 79.0 MB.
System memory in use after: 79.0 MB.

Unloading 16 unused Assets to reduce memory usage. Loaded Objects now: 2036.
Total: 2.104000 ms (FindLiveObjects: 0.159100 ms CreateObjectMapping: 0.046000 ms MarkObjects: 1.826000 ms  DeleteObjects: 0.072100 ms)

AssetImportParameters requested are different than current active one (requested -> active):
  custom:framework-win-MediaFoundation: 216162199b28c13a410421893ffa2e32 -> 
  custom:video-decoder-ogg-theora: a1e56fd34408186e4bbccfd4996cb3dc -> 
  custom:container-muxer-webm: aa71ff27fc2769a1b78a27578f13a17b -> 
  custom:container-demuxer-webm: 4f35f7cbe854078d1ac9338744f61a02 -> 
  custom:container-demuxer-ogg: 62fdf1f143b41e24485cea50d1cbac27 -> 
  custom:video-encoder-webm-vp8: eb34c28f22e8b96e1ab97ce403110664 -> 
  custom:video-codec-MediaFoundation-h265: 746d11721c4dcdbdad8f713fa42b33f4 -> 
  custom:video-decoder-webm-vp8: 9c59270c3fd7afecdb556c50c9e8de78 -> 
  custom:audio-decoder-ogg-vorbis: bf7c407c2cedff20999df2af8eb42d56 -> 
  custom:audio-encoder-webm-vorbis: bf7c407c2cedff20999df2af8eb42d56 -> 
========================================================================
Received Import Request.
  Time since last request: 516.382227 seconds.
  path: Assets/Scenes/Level 1.unity
  artifactKey: Guid(7d31aa292b02c084d8c3ca5908cf6e8a) Importer(815301076,1909f56bfc062723c751e8b465ee728b)
Start importing Assets/Scenes/Level 1.unity using Guid(7d31aa292b02c084d8c3ca5908cf6e8a) Importer(815301076,1909f56bfc062723c751e8b465ee728b)  -> (artifact id: '64db4a3c824f8aac0d2953f274c86d80') in 0.010107 seconds 
  Import took 0.013036 seconds .

========================================================================
Received Import Request.
  Time since last request: 10.095690 seconds.
  path: Assets/Prefabs/Asteroid cartoon.prefab
  artifactKey: Guid(17bdb6cb87ec50c409343f9f910a5f02) Importer(815301076,1909f56bfc062723c751e8b465ee728b)
Start importing Assets/Prefabs/Asteroid cartoon.prefab using Guid(17bdb6cb87ec50c409343f9f910a5f02) Importer(815301076,1909f56bfc062723c751e8b465ee728b)  -> (artifact id: 'd4dde5fbd5b6e4408e6c4f041523d850') in 0.076797 seconds 
  Import took 0.079379 seconds .

========================================================================
Received Import Request.
  Time since last request: 0.016042 seconds.
  path: Assets/Prefabs/Asteroid cartoon.prefab
  artifactKey: Guid(17bdb6cb87ec50c409343f9f910a5f02) Importer(815301076,1909f56bfc062723c751e8b465ee728b)
Start importing Assets/Prefabs/Asteroid cartoon.prefab using Guid(17bdb6cb87ec50c409343f9f910a5f02) Importer(815301076,1909f56bfc062723c751e8b465ee728b)  -> (artifact id: 'd4dde5fbd5b6e4408e6c4f041523d850') in 0.009345 seconds 
  Import took 0.011804 seconds .

========================================================================
Received Prepare
Registering precompiled user dll's ...
Registered in 0.007159 seconds.
Begin MonoManager ReloadAssembly
Native extension for WindowsStandalone target not found
Native extension for OSXStandalone target not found
Native extension for WebGL target not found
Refreshing native plugins compatible for Editor in 0.40 ms, found 2 plugins.
Preloading 0 native plugins for Editor in 0.00 ms.
Mono: successfully reloaded assembly
- Completed reload, in  0.676 seconds
Platform modules already initialized, skipping
Refreshing native plugins compatible for Editor in 0.42 ms, found 2 plugins.
Preloading 0 native plugins for Editor in 0.00 ms.
Unloading 1548 Unused Serialized files (Serialized files now loaded: 0)
System memory in use before: 82.1 MB.
System memory in use after: 82.2 MB.

Unloading 16 unused Assets to reduce memory usage. Loaded Objects now: 2045.
Total: 2.008000 ms (FindLiveObjects: 0.196700 ms CreateObjectMapping: 0.042100 ms MarkObjects: 1.713900 ms  DeleteObjects: 0.054400 ms)

AssetImportParameters requested are different than current active one (requested -> active):
  custom:framework-win-MediaFoundation: 216162199b28c13a410421893ffa2e32 -> 
  custom:video-decoder-ogg-theora: a1e56fd34408186e4bbccfd4996cb3dc -> 
  custom:container-muxer-webm: aa71ff27fc2769a1b78a27578f13a17b -> 
  custom:container-demuxer-webm: 4f35f7cbe854078d1ac9338744f61a02 -> 
  custom:container-demuxer-ogg: 62fdf1f143b41e24485cea50d1cbac27 -> 
  custom:video-encoder-webm-vp8: eb34c28f22e8b96e1ab97ce403110664 -> 
  custom:video-codec-MediaFoundation-h265: 746d11721c4dcdbdad8f713fa42b33f4 -> 
  custom:video-decoder-webm-vp8: 9c59270c3fd7afecdb556c50c9e8de78 -> 
  custom:audio-decoder-ogg-vorbis: bf7c407c2cedff20999df2af8eb42d56 -> 
  custom:audio-encoder-webm-vorbis: bf7c407c2cedff20999df2af8eb42d56 -> 
========================================================================
Received Import Request.
  Time since last request: 522.718412 seconds.
  path: Assets/Prefabs/Asteroid cartoon oblong.prefab
  artifactKey: Guid(bf859a5771cbf694fa17a10c4d945603) Importer(815301076,1909f56bfc062723c751e8b465ee728b)
Start importing Assets/Prefabs/Asteroid cartoon oblong.prefab using Guid(bf859a5771cbf694fa17a10c4d945603) Importer(815301076,1909f56bfc062723c751e8b465ee728b)  -> (artifact id: 'fcfc54a6b664c1883446e7b39125e760') in 0.042324 seconds 
  Import took 0.045065 seconds .

========================================================================
Received Import Request.
  Time since last request: 186.291031 seconds.
  path: Assets/Boundary_Low Poly Space Rocks/Components/Material/Space Rock Material.mat
  artifactKey: Guid(1e695c0172630ce4c8c57bd5a82e502b) Importer(815301076,1909f56bfc062723c751e8b465ee728b)
Start importing Assets/Boundary_Low Poly Space Rocks/Components/Material/Space Rock Material.mat using Guid(1e695c0172630ce4c8c57bd5a82e502b) Importer(815301076,1909f56bfc062723c751e8b465ee728b)  -> (artifact id: 'c2e4527265aa932f3af3ed2e9128a722') in 0.021808 seconds 
  Import took 0.024349 seconds .

========================================================================
Received Prepare
Registering precompiled user dll's ...
Registered in 0.004595 seconds.
Begin MonoManager ReloadAssembly
Native extension for WindowsStandalone target not found
Native extension for OSXStandalone target not found
Native extension for WebGL target not found
Refreshing native plugins compatible for Editor in 0.41 ms, found 2 plugins.
Preloading 0 native plugins for Editor in 0.00 ms.
Mono: successfully reloaded assembly
- Completed reload, in  0.678 seconds
Platform modules already initialized, skipping
Refreshing native plugins compatible for Editor in 0.39 ms, found 2 plugins.
Preloading 0 native plugins for Editor in 0.00 ms.
Unloading 1548 Unused Serialized files (Serialized files now loaded: 0)
System memory in use before: 82.3 MB.
System memory in use after: 82.4 MB.

Unloading 16 unused Assets to reduce memory usage. Loaded Objects now: 2082.
Total: 2.046800 ms (FindLiveObjects: 0.158800 ms CreateObjectMapping: 0.047700 ms MarkObjects: 1.784400 ms  DeleteObjects: 0.055100 ms)

AssetImportParameters requested are different than current active one (requested -> active):
  custom:framework-win-MediaFoundation: 216162199b28c13a410421893ffa2e32 -> 
  custom:video-decoder-ogg-theora: a1e56fd34408186e4bbccfd4996cb3dc -> 
  custom:container-muxer-webm: aa71ff27fc2769a1b78a27578f13a17b -> 
  custom:container-demuxer-webm: 4f35f7cbe854078d1ac9338744f61a02 -> 
  custom:container-demuxer-ogg: 62fdf1f143b41e24485cea50d1cbac27 -> 
  custom:video-encoder-webm-vp8: eb34c28f22e8b96e1ab97ce403110664 -> 
  custom:video-codec-MediaFoundation-h265: 746d11721c4dcdbdad8f713fa42b33f4 -> 
  custom:video-decoder-webm-vp8: 9c59270c3fd7afecdb556c50c9e8de78 -> 
  custom:audio-decoder-ogg-vorbis: bf7c407c2cedff20999df2af8eb42d56 -> 
  custom:audio-encoder-webm-vorbis: bf7c407c2cedff20999df2af8eb42d56 -> 
========================================================================
Received Prepare
Registering precompiled user dll's ...
Registered in 0.005431 seconds.
Begin MonoManager ReloadAssembly
Native extension for WindowsStandalone target not found
Native extension for OSXStandalone target not found
Native extension for WebGL target not found
Refreshing native plugins compatible for Editor in 0.40 ms, found 2 plugins.
Preloading 0 native plugins for Editor in 0.00 ms.
Mono: successfully reloaded assembly
- Completed reload, in  0.663 seconds
Platform modules already initialized, skipping
Refreshing native plugins compatible for Editor in 0.40 ms, found 2 plugins.
Preloading 0 native plugins for Editor in 0.00 ms.
Unloading 1548 Unused Serialized files (Serialized files now loaded: 0)
System memory in use before: 82.3 MB.
System memory in use after: 82.4 MB.

Unloading 16 unused Assets to reduce memory usage. Loaded Objects now: 2085.
Total: 2.106200 ms (FindLiveObjects: 0.158000 ms CreateObjectMapping: 0.053200 ms MarkObjects: 1.839000 ms  DeleteObjects: 0.055200 ms)

AssetImportParameters requested are different than current active one (requested -> active):
  custom:framework-win-MediaFoundation: 216162199b28c13a410421893ffa2e32 -> 
  custom:video-decoder-ogg-theora: a1e56fd34408186e4bbccfd4996cb3dc -> 
  custom:container-muxer-webm: aa71ff27fc2769a1b78a27578f13a17b -> 
  custom:container-demuxer-webm: 4f35f7cbe854078d1ac9338744f61a02 -> 
  custom:container-demuxer-ogg: 62fdf1f143b41e24485cea50d1cbac27 -> 
  custom:video-encoder-webm-vp8: eb34c28f22e8b96e1ab97ce403110664 -> 
  custom:video-codec-MediaFoundation-h265: 746d11721c4dcdbdad8f713fa42b33f4 -> 
  custom:video-decoder-webm-vp8: 9c59270c3fd7afecdb556c50c9e8de78 -> 
  custom:audio-decoder-ogg-vorbis: bf7c407c2cedff20999df2af8eb42d56 -> 
  custom:audio-encoder-webm-vorbis: bf7c407c2cedff20999df2af8eb42d56 -> 
========================================================================
Received Prepare
Registering precompiled user dll's ...
Registered in 0.006675 seconds.
Begin MonoManager ReloadAssembly
Native extension for WindowsStandalone target not found
Native extension for OSXStandalone target not found
Native extension for WebGL target not found
Refreshing native plugins compatible for Editor in 0.40 ms, found 2 plugins.
Preloading 0 native plugins for Editor in 0.00 ms.
Mono: successfully reloaded assembly
- Completed reload, in  0.657 seconds
Platform modules already initialized, skipping
Refreshing native plugins compatible for Editor in 0.40 ms, found 2 plugins.
Preloading 0 native plugins for Editor in 0.00 ms.
Unloading 1548 Unused Serialized files (Serialized files now loaded: 0)
System memory in use before: 82.3 MB.
System memory in use after: 82.4 MB.

Unloading 16 unused Assets to reduce memory usage. Loaded Objects now: 2088.
Total: 2.274700 ms (FindLiveObjects: 0.178300 ms CreateObjectMapping: 0.052800 ms MarkObjects: 1.985800 ms  DeleteObjects: 0.056500 ms)

AssetImportParameters requested are different than current active one (requested -> active):
  custom:framework-win-MediaFoundation: 216162199b28c13a410421893ffa2e32 -> 
  custom:video-decoder-ogg-theora: a1e56fd34408186e4bbccfd4996cb3dc -> 
  custom:container-muxer-webm: aa71ff27fc2769a1b78a27578f13a17b -> 
  custom:container-demuxer-webm: 4f35f7cbe854078d1ac9338744f61a02 -> 
  custom:container-demuxer-ogg: 62fdf1f143b41e24485cea50d1cbac27 -> 
  custom:video-encoder-webm-vp8: eb34c28f22e8b96e1ab97ce403110664 -> 
  custom:video-codec-MediaFoundation-h265: 746d11721c4dcdbdad8f713fa42b33f4 -> 
  custom:video-decoder-webm-vp8: 9c59270c3fd7afecdb556c50c9e8de78 -> 
  custom:audio-decoder-ogg-vorbis: bf7c407c2cedff20999df2af8eb42d56 -> 
  custom:audio-encoder-webm-vorbis: bf7c407c2cedff20999df2af8eb42d56 -> 
========================================================================
Received Import Request.
  Time since last request: 2395.205906 seconds.
  path: Assets/Scenes/Level 3.unity
  artifactKey: Guid(09f5f59427cc10842aff4836b2f937c3) Importer(815301076,1909f56bfc062723c751e8b465ee728b)
Start importing Assets/Scenes/Level 3.unity using Guid(09f5f59427cc10842aff4836b2f937c3) Importer(815301076,1909f56bfc062723c751e8b465ee728b)  -> (artifact id: '7dd8ede3ba238831ba0e3d1fb5b0284c') in 0.009895 seconds 
  Import took 0.013513 seconds .

========================================================================
Received Import Request.
  Time since last request: 17.972238 seconds.
  path: Assets/Prefabs/Big cartoon asteroid.prefab
  artifactKey: Guid(3185eb5d077e6b64c9d1325ba9d90e08) Importer(815301076,1909f56bfc062723c751e8b465ee728b)
Start importing Assets/Prefabs/Big cartoon asteroid.prefab using Guid(3185eb5d077e6b64c9d1325ba9d90e08) Importer(815301076,1909f56bfc062723c751e8b465ee728b)  -> (artifact id: '7739f382bc18affd2c334c628699b92e') in 0.037794 seconds 
  Import took 0.041354 seconds .

========================================================================
Received Import Request.
  Time since last request: 0.000552 seconds.
  path: Assets/Prefabs/Big cartoon asteroid.prefab
  artifactKey: Guid(3185eb5d077e6b64c9d1325ba9d90e08) Importer(815301076,1909f56bfc062723c751e8b465ee728b)
Start importing Assets/Prefabs/Big cartoon asteroid.prefab using Guid(3185eb5d077e6b64c9d1325ba9d90e08) Importer(815301076,1909f56bfc062723c751e8b465ee728b)  -> (artifact id: '7739f382bc18affd2c334c628699b92e') in 0.008882 seconds 
  Import took 0.011438 seconds .

========================================================================
Received Import Request.
  Time since last request: 21.269203 seconds.
  path: Assets/Prefabs/Point Light.prefab
  artifactKey: Guid(9dbc19ebb8e7bc249b34a262dd9711c4) Importer(815301076,1909f56bfc062723c751e8b465ee728b)
Start importing Assets/Prefabs/Point Light.prefab using Guid(9dbc19ebb8e7bc249b34a262dd9711c4) Importer(815301076,1909f56bfc062723c751e8b465ee728b)  -> (artifact id: '330493e1c38aef07303cebd3d6a4fa8b') in 0.005184 seconds 
  Import took 0.008458 seconds .

========================================================================
Received Import Request.
  Time since last request: 0.000519 seconds.
  path: Assets/Prefabs/Point Light.prefab
  artifactKey: Guid(9dbc19ebb8e7bc249b34a262dd9711c4) Importer(815301076,1909f56bfc062723c751e8b465ee728b)
Start importing Assets/Prefabs/Point Light.prefab using Guid(9dbc19ebb8e7bc249b34a262dd9711c4) Importer(815301076,1909f56bfc062723c751e8b465ee728b)  -> (artifact id: '330493e1c38aef07303cebd3d6a4fa8b') in 0.004173 seconds 
  Import took 0.006724 seconds .

========================================================================
Received Import Request.
  Time since last request: 2.029170 seconds.
  path: Assets/Prefabs/Spot Light (4).prefab
  artifactKey: Guid(9b49d9f7b360ad348810885134e1bcde) Importer(815301076,1909f56bfc062723c751e8b465ee728b)
Start importing Assets/Prefabs/Spot Light (4).prefab using Guid(9b49d9f7b360ad348810885134e1bcde) Importer(815301076,1909f56bfc062723c751e8b465ee728b)  -> (artifact id: '031444d62474c6b49bf3308d9a0bd3cd') in 0.004057 seconds 
  Import took 0.007416 seconds .

========================================================================
Received Import Request.
  Time since last request: 0.001695 seconds.
  path: Assets/Prefabs/Spot Light (4).prefab
  artifactKey: Guid(9b49d9f7b360ad348810885134e1bcde) Importer(815301076,1909f56bfc062723c751e8b465ee728b)
Start importing Assets/Prefabs/Spot Light (4).prefab using Guid(9b49d9f7b360ad348810885134e1bcde) Importer(815301076,1909f56bfc062723c751e8b465ee728b)  -> (artifact id: '031444d62474c6b49bf3308d9a0bd3cd') in 0.003228 seconds 
  Import took 0.005653 seconds .

========================================================================
Received Import Request.
  Time since last request: 5.863349 seconds.
  path: Assets/Scenes/Level 4.unity
  artifactKey: Guid(902062a1b20c8dc4da86e589c5e9b200) Importer(815301076,1909f56bfc062723c751e8b465ee728b)
Start importing Assets/Scenes/Level 4.unity using Guid(902062a1b20c8dc4da86e589c5e9b200) Importer(815301076,1909f56bfc062723c751e8b465ee728b)  -> (artifact id: '1409509da713ab5098a593f1bf62d0e7') in 0.003001 seconds 
  Import took 0.006043 seconds .

========================================================================
Received Prepare
Registering precompiled user dll's ...
Registered in 0.004661 seconds.
Begin MonoManager ReloadAssembly
Native extension for WindowsStandalone target not found
Native extension for OSXStandalone target not found
Native extension for WebGL target not found
Refreshing native plugins compatible for Editor in 0.39 ms, found 2 plugins.
Preloading 0 native plugins for Editor in 0.00 ms.
Mono: successfully reloaded assembly
- Completed reload, in  0.714 seconds
Platform modules already initialized, skipping
Refreshing native plugins compatible for Editor in 0.42 ms, found 2 plugins.
Preloading 0 native plugins for Editor in 0.00 ms.
Unloading 1548 Unused Serialized files (Serialized files now loaded: 0)
System memory in use before: 82.4 MB.
System memory in use after: 82.5 MB.

Unloading 16 unused Assets to reduce memory usage. Loaded Objects now: 2092.
Total: 2.216200 ms (FindLiveObjects: 0.173500 ms CreateObjectMapping: 0.066300 ms MarkObjects: 1.915800 ms  DeleteObjects: 0.059600 ms)

AssetImportParameters requested are different than current active one (requested -> active):
  custom:framework-win-MediaFoundation: 216162199b28c13a410421893ffa2e32 -> 
  custom:video-decoder-ogg-theora: a1e56fd34408186e4bbccfd4996cb3dc -> 
  custom:container-muxer-webm: aa71ff27fc2769a1b78a27578f13a17b -> 
  custom:container-demuxer-webm: 4f35f7cbe854078d1ac9338744f61a02 -> 
  custom:container-demuxer-ogg: 62fdf1f143b41e24485cea50d1cbac27 -> 
  custom:video-encoder-webm-vp8: eb34c28f22e8b96e1ab97ce403110664 -> 
  custom:video-codec-MediaFoundation-h265: 746d11721c4dcdbdad8f713fa42b33f4 -> 
  custom:video-decoder-webm-vp8: 9c59270c3fd7afecdb556c50c9e8de78 -> 
  custom:audio-decoder-ogg-vorbis: bf7c407c2cedff20999df2af8eb42d56 -> 
  custom:audio-encoder-webm-vorbis: bf7c407c2cedff20999df2af8eb42d56 -> 
========================================================================
Received Import Request.
  Time since last request: 671.430556 seconds.
  path: Assets/Scenes/Level 6.unity
  artifactKey: Guid(cc99b7ab93dae944d83ebce938171f42) Importer(815301076,1909f56bfc062723c751e8b465ee728b)
Start importing Assets/Scenes/Level 6.unity using Guid(cc99b7ab93dae944d83ebce938171f42) Importer(815301076,1909f56bfc062723c751e8b465ee728b)  -> (artifact id: '571841a688689691495f35cf412b58c0') in 0.009368 seconds 
  Import took 0.012783 seconds .

========================================================================
Received Import Request.
  Time since last request: 12.632925 seconds.
  path: Assets/Scenes/Level 4.unity
  artifactKey: Guid(902062a1b20c8dc4da86e589c5e9b200) Importer(815301076,1909f56bfc062723c751e8b465ee728b)
Start importing Assets/Scenes/Level 4.unity using Guid(902062a1b20c8dc4da86e589c5e9b200) Importer(815301076,1909f56bfc062723c751e8b465ee728b)  -> (artifact id: 'd50c6e8786b688e27bbae4a2236c9f47') in 0.002950 seconds 
  Import took 0.006338 seconds .

========================================================================
Received Import Request.
  Time since last request: 1.385655 seconds.
  path: Assets/Scenes/Level 3.unity
  artifactKey: Guid(09f5f59427cc10842aff4836b2f937c3) Importer(815301076,1909f56bfc062723c751e8b465ee728b)
Start importing Assets/Scenes/Level 3.unity using Guid(09f5f59427cc10842aff4836b2f937c3) Importer(815301076,1909f56bfc062723c751e8b465ee728b)  -> (artifact id: 'bdd9e9618f1de121fe00fa831b90fabc') in 0.003306 seconds 
  Import took 0.006132 seconds .

========================================================================
Received Import Request.
  Time since last request: 1.184441 seconds.
  path: Assets/Scenes/Level 2.unity
  artifactKey: Guid(943139d9fb54f3146af0896b9af70b8b) Importer(815301076,1909f56bfc062723c751e8b465ee728b)
Start importing Assets/Scenes/Level 2.unity using Guid(943139d9fb54f3146af0896b9af70b8b) Importer(815301076,1909f56bfc062723c751e8b465ee728b)  -> (artifact id: '30c67a13a925ea6659a5cf7edf02dc91') in 0.003049 seconds 
  Import took 0.006190 seconds .

========================================================================
Received Import Request.
  Time since last request: 1.928591 seconds.
  path: Assets/Scenes/Level 1.unity
  artifactKey: Guid(7d31aa292b02c084d8c3ca5908cf6e8a) Importer(815301076,1909f56bfc062723c751e8b465ee728b)
Start importing Assets/Scenes/Level 1.unity using Guid(7d31aa292b02c084d8c3ca5908cf6e8a) Importer(815301076,1909f56bfc062723c751e8b465ee728b)  -> (artifact id: 'eff0e3dccdc852215846bec0afa3d98f') in 0.003545 seconds 
  Import took 0.006439 seconds .

========================================================================
Received Prepare
Refreshing native plugins compatible for Editor in 3.67 ms, found 2 plugins.
Preloading 0 native plugins for Editor in 0.00 ms.
Unloading 13 Unused Serialized files (Serialized files now loaded: 0)
System memory in use before: 52.0 MB.
System memory in use after: 52.1 MB.

Unloading 13 unused Assets to reduce memory usage. Loaded Objects now: 2092.
Total: 2.436800 ms (FindLiveObjects: 0.164400 ms CreateObjectMapping: 0.052100 ms MarkObjects: 2.166600 ms  DeleteObjects: 0.053000 ms)

AssetImportParameters requested are different than current active one (requested -> active):
  custom:framework-win-MediaFoundation: 216162199b28c13a410421893ffa2e32 -> 
  custom:video-decoder-ogg-theora: a1e56fd34408186e4bbccfd4996cb3dc -> 
  custom:container-muxer-webm: aa71ff27fc2769a1b78a27578f13a17b -> 
  custom:container-demuxer-webm: 4f35f7cbe854078d1ac9338744f61a02 -> 
  custom:container-demuxer-ogg: 62fdf1f143b41e24485cea50d1cbac27 -> 
  custom:video-encoder-webm-vp8: eb34c28f22e8b96e1ab97ce403110664 -> 
  custom:video-codec-MediaFoundation-h265: 746d11721c4dcdbdad8f713fa42b33f4 -> 
  custom:video-decoder-webm-vp8: 9c59270c3fd7afecdb556c50c9e8de78 -> 
  custom:audio-decoder-ogg-vorbis: bf7c407c2cedff20999df2af8eb42d56 -> 
  custom:audio-encoder-webm-vorbis: bf7c407c2cedff20999df2af8eb42d56 -> 
AssetImportWorkerClient::OnTransportError - code=2 error=End of file
