Using pre-set license
Built from '2021.3/staging' branch; Version is '2021.3.8f1 (b30333d56e81) revision 11731763'; Using compiler version '192829333'; Build Type 'Release'
OS: 'Windows 10  (10.0.19045) 64bit Professional' Language: 'en' Physical Memory: 32692 MB
BatchMode: 1, IsHumanControllingUs: 0, StartBugReporterOnCrash: 0, Is64bit: 1, IsPro: 1

COMMAND LINE ARGUMENTS:
C:\Program Files\Unity\Hub\Editor\2021.3.8f1\Editor\Unity.exe
-adb2
-batchMode
-noUpm
-name
AssetImportWorker4
-projectPath
C:/Users/SNOWWOLF/Desktop/Unity Projects/Rocket-Rush
-logFile
Logs/AssetImportWorker4.log
-srvPort
63132
Successfully changed project path to: C:/Users/SNOWWOLF/Desktop/Unity Projects/Rocket-Rush
C:/Users/SNOWWOLF/Desktop/Unity Projects/Rocket-Rush
[UnityMemory] Configuration Parameters - Can be set up in boot.config
    "memorysetup-bucket-allocator-granularity=16"
    "memorysetup-bucket-allocator-bucket-count=8"
    "memorysetup-bucket-allocator-block-size=33554432"
    "memorysetup-bucket-allocator-block-count=8"
    "memorysetup-main-allocator-block-size=16777216"
    "memorysetup-thread-allocator-block-size=16777216"
    "memorysetup-gfx-main-allocator-block-size=16777216"
    "memorysetup-gfx-thread-allocator-block-size=16777216"
    "memorysetup-cache-allocator-block-size=4194304"
    "memorysetup-typetree-allocator-block-size=2097152"
    "memorysetup-profiler-bucket-allocator-granularity=16"
    "memorysetup-profiler-bucket-allocator-bucket-count=8"
    "memorysetup-profiler-bucket-allocator-block-size=33554432"
    "memorysetup-profiler-bucket-allocator-block-count=8"
    "memorysetup-profiler-allocator-block-size=16777216"
    "memorysetup-profiler-editor-allocator-block-size=1048576"
    "memorysetup-temp-allocator-size-main=16777216"
    "memorysetup-job-temp-allocator-block-size=2097152"
    "memorysetup-job-temp-allocator-block-size-background=1048576"
    "memorysetup-job-temp-allocator-reduction-small-platforms=262144"
    "memorysetup-temp-allocator-size-background-worker=32768"
    "memorysetup-temp-allocator-size-job-worker=262144"
    "memorysetup-temp-allocator-size-preload-manager=33554432"
    "memorysetup-temp-allocator-size-nav-mesh-worker=65536"
    "memorysetup-temp-allocator-size-audio-worker=65536"
    "memorysetup-temp-allocator-size-cloud-worker=32768"
    "memorysetup-temp-allocator-size-gi-baking-worker=262144"
    "memorysetup-temp-allocator-size-gfx=262144"
Refreshing native plugins compatible for Editor in 27.70 ms, found 2 plugins.
Preloading 0 native plugins for Editor in 0.00 ms.
Initialize engine version: 2021.3.8f1 (b30333d56e81)
[Subsystems] Discovering subsystems at path C:/Program Files/Unity/Hub/Editor/2021.3.8f1/Editor/Data/Resources/UnitySubsystems
[Subsystems] Discovering subsystems at path C:/Users/SNOWWOLF/Desktop/Unity Projects/Rocket-Rush/Assets
GfxDevice: creating device client; threaded=0; jobified=0
Direct3D:
    Version:  Direct3D 11.0 [level 11.1]
    Renderer: NVIDIA GeForce RTX 3070 (ID=0x2488)
    Vendor:   NVIDIA
    VRAM:     8043 MB
    Driver:   31.0.15.1694
Initialize mono
Mono path[0] = 'C:/Program Files/Unity/Hub/Editor/2021.3.8f1/Editor/Data/Managed'
Mono path[1] = 'C:/Program Files/Unity/Hub/Editor/2021.3.8f1/Editor/Data/MonoBleedingEdge/lib/mono/unityjit-win32'
Mono config path = 'C:/Program Files/Unity/Hub/Editor/2021.3.8f1/Editor/Data/MonoBleedingEdge/etc'
Using monoOptions --debugger-agent=transport=dt_socket,embedding=1,server=y,suspend=n,address=127.0.0.1:56848
Begin MonoManager ReloadAssembly
Registering precompiled unity dll's ...
Register platform support module: C:/Program Files/Unity/Hub/Editor/2021.3.8f1/Editor/Data/PlaybackEngines/WebGLSupport/UnityEditor.WebGL.Extensions.dll
Register platform support module: C:/Program Files/Unity/Hub/Editor/2021.3.8f1/Editor/Data/PlaybackEngines/AndroidPlayer/UnityEditor.Android.Extensions.dll
Register platform support module: C:/Program Files/Unity/Hub/Editor/2021.3.8f1/Editor/Data/PlaybackEngines/WindowsStandaloneSupport/UnityEditor.WindowsStandalone.Extensions.dll
Registered in 0.010604 seconds.
Native extension for WindowsStandalone target not found
Native extension for Android target not found
Native extension for WebGL target not found
Refreshing native plugins compatible for Editor in 26.57 ms, found 2 plugins.
Preloading 0 native plugins for Editor in 0.00 ms.
Mono: successfully reloaded assembly
- Completed reload, in  0.519 seconds
Domain Reload Profiling:
	ReloadAssembly (519ms)
		BeginReloadAssembly (65ms)
			ExecutionOrderSort (0ms)
			DisableScriptedObjects (0ms)
			BackupInstance (0ms)
			ReleaseScriptingObjects (0ms)
			CreateAndSetChildDomain (1ms)
		EndReloadAssembly (335ms)
			LoadAssemblies (63ms)
			RebuildTransferFunctionScriptingTraits (0ms)
			SetupTypeCache (91ms)
			ReleaseScriptCaches (0ms)
			RebuildScriptCaches (20ms)
			SetupLoadedEditorAssemblies (183ms)
				LogAssemblyErrors (0ms)
				InitializePlatformSupportModulesInManaged (42ms)
				SetLoadedEditorAssemblies (0ms)
				RefreshPlugins (27ms)
				BeforeProcessingInitializeOnLoad (1ms)
				ProcessInitializeOnLoadAttributes (72ms)
				ProcessInitializeOnLoadMethodAttributes (41ms)
				AfterProcessingInitializeOnLoad (0ms)
				EditorAssembliesLoaded (0ms)
			ExecutionOrderSort2 (0ms)
			AwakeInstancesAfterBackupRestoration (0ms)
Platform modules already initialized, skipping
Registering precompiled user dll's ...
Registered in 0.003774 seconds.
Begin MonoManager ReloadAssembly
Native extension for WindowsStandalone target not found
Native extension for Android target not found
Native extension for WebGL target not found
Refreshing native plugins compatible for Editor in 0.31 ms, found 2 plugins.
Preloading 0 native plugins for Editor in 0.00 ms.
Mono: successfully reloaded assembly
- Completed reload, in  0.760 seconds
Domain Reload Profiling:
	ReloadAssembly (761ms)
		BeginReloadAssembly (191ms)
			ExecutionOrderSort (0ms)
			DisableScriptedObjects (5ms)
			BackupInstance (0ms)
			ReleaseScriptingObjects (0ms)
			CreateAndSetChildDomain (124ms)
		EndReloadAssembly (487ms)
			LoadAssemblies (53ms)
			RebuildTransferFunctionScriptingTraits (0ms)
			SetupTypeCache (127ms)
			ReleaseScriptCaches (0ms)
			RebuildScriptCaches (30ms)
			SetupLoadedEditorAssemblies (249ms)
				LogAssemblyErrors (0ms)
				InitializePlatformSupportModulesInManaged (12ms)
				SetLoadedEditorAssemblies (0ms)
				RefreshPlugins (0ms)
				BeforeProcessingInitializeOnLoad (42ms)
				ProcessInitializeOnLoadAttributes (164ms)
				ProcessInitializeOnLoadMethodAttributes (23ms)
				AfterProcessingInitializeOnLoad (8ms)
				EditorAssembliesLoaded (0ms)
			ExecutionOrderSort2 (0ms)
			AwakeInstancesAfterBackupRestoration (4ms)
Platform modules already initialized, skipping
========================================================================
Worker process is ready to serve import requests
Launched and connected shader compiler UnityShaderCompiler.exe after 0.06 seconds
Refreshing native plugins compatible for Editor in 0.41 ms, found 2 plugins.
Preloading 0 native plugins for Editor in 0.00 ms.
Unloading 1876 Unused Serialized files (Serialized files now loaded: 0)
Unloading 34 unused Assets / (130.3 KB). Loaded Objects now: 2348.
Memory consumption went from 81.7 MB to 81.6 MB.
Total: 2.080000 ms (FindLiveObjects: 0.113600 ms CreateObjectMapping: 0.041500 ms MarkObjects: 1.866300 ms  DeleteObjects: 0.057900 ms)

AssetImportParameters requested are different than current active one (requested -> active):
  custom:video-decoder-ogg-theora: a1e56fd34408186e4bbccfd4996cb3dc -> 
  custom:container-muxer-webm: aa71ff27fc2769a1b78a27578f13a17b -> 
  custom:container-demuxer-webm: 4f35f7cbe854078d1ac9338744f61a02 -> 
  custom:video-encoder-webm-vp8: eb34c28f22e8b96e1ab97ce403110664 -> 
  custom:audio-encoder-webm-vorbis: bf7c407c2cedff20999df2af8eb42d56 -> 
  custom:framework-win-MediaFoundation: 216162199b28c13a410421893ffa2e32 -> 
  custom:container-demuxer-ogg: 62fdf1f143b41e24485cea50d1cbac27 -> 
  custom:video-decoder-webm-vp8: 9c59270c3fd7afecdb556c50c9e8de78 -> 
  custom:audio-decoder-ogg-vorbis: bf7c407c2cedff20999df2af8eb42d56 -> 
========================================================================
Received Import Request.
  Time since last request: 4234.319941 seconds.
  path: Assets/Prefabs/OnScreenControls.prefab
  artifactKey: Guid(ea65183647493934da6d9e2e35ff6f8c) Importer(815301076,1909f56bfc062723c751e8b465ee728b)
Start importing Assets/Prefabs/OnScreenControls.prefab using Guid(ea65183647493934da6d9e2e35ff6f8c) Importer(815301076,1909f56bfc062723c751e8b465ee728b)  -> (artifact id: 'a332ed781db92cd210c8e896ff016433') in 0.066272 seconds 
========================================================================
Received Import Request.
  Time since last request: 3.557127 seconds.
  path: Assets/Prefabs/OnScreenControls.prefab
  artifactKey: Guid(ea65183647493934da6d9e2e35ff6f8c) Importer(815301076,1909f56bfc062723c751e8b465ee728b)
Start importing Assets/Prefabs/OnScreenControls.prefab using Guid(ea65183647493934da6d9e2e35ff6f8c) Importer(815301076,1909f56bfc062723c751e8b465ee728b)  -> (artifact id: 'c7e9ea9707514620ea9e9cd2f23a5e9b') in 0.022080 seconds 
========================================================================
Received Import Request.
  Time since last request: 2.011033 seconds.
  path: Assets/Prefabs/OnScreenControls.prefab
  artifactKey: Guid(ea65183647493934da6d9e2e35ff6f8c) Importer(815301076,1909f56bfc062723c751e8b465ee728b)
Start importing Assets/Prefabs/OnScreenControls.prefab using Guid(ea65183647493934da6d9e2e35ff6f8c) Importer(815301076,1909f56bfc062723c751e8b465ee728b)  -> (artifact id: 'd0be11ea93d2bfbc38767965b5ff2de2') in 0.017292 seconds 
========================================================================
Received Import Request.
  Time since last request: 10.765746 seconds.
  path: Assets/Prefabs/OnScreenControls.prefab
  artifactKey: Guid(ea65183647493934da6d9e2e35ff6f8c) Importer(815301076,1909f56bfc062723c751e8b465ee728b)
Start importing Assets/Prefabs/OnScreenControls.prefab using Guid(ea65183647493934da6d9e2e35ff6f8c) Importer(815301076,1909f56bfc062723c751e8b465ee728b)  -> (artifact id: '2a8cc262d7251976e2ba44c86e6bdc26') in 0.017773 seconds 
========================================================================
Received Import Request.
  Time since last request: 4.206875 seconds.
  path: Assets/Prefabs/OnScreenControls.prefab
  artifactKey: Guid(ea65183647493934da6d9e2e35ff6f8c) Importer(815301076,1909f56bfc062723c751e8b465ee728b)
Start importing Assets/Prefabs/OnScreenControls.prefab using Guid(ea65183647493934da6d9e2e35ff6f8c) Importer(815301076,1909f56bfc062723c751e8b465ee728b)  -> (artifact id: 'a066fd99db9db8adaa7221042d60772d') in 0.016565 seconds 
========================================================================
Received Import Request.
  Time since last request: 1.847417 seconds.
  path: Assets/Prefabs/OnScreenControls.prefab
  artifactKey: Guid(ea65183647493934da6d9e2e35ff6f8c) Importer(815301076,1909f56bfc062723c751e8b465ee728b)
Start importing Assets/Prefabs/OnScreenControls.prefab using Guid(ea65183647493934da6d9e2e35ff6f8c) Importer(815301076,1909f56bfc062723c751e8b465ee728b)  -> (artifact id: '50df890cf3a06b2bb3f5a2bb6d0159f4') in 0.016086 seconds 
========================================================================
Received Import Request.
  Time since last request: 1.833834 seconds.
  path: Assets/Prefabs/OnScreenControls.prefab
  artifactKey: Guid(ea65183647493934da6d9e2e35ff6f8c) Importer(815301076,1909f56bfc062723c751e8b465ee728b)
Start importing Assets/Prefabs/OnScreenControls.prefab using Guid(ea65183647493934da6d9e2e35ff6f8c) Importer(815301076,1909f56bfc062723c751e8b465ee728b)  -> (artifact id: 'b4ba9c58625c43d458e98359ad8db6d0') in 0.017107 seconds 
========================================================================
Received Import Request.
  Time since last request: 2.229250 seconds.
  path: Assets/Prefabs/OnScreenControls.prefab
  artifactKey: Guid(ea65183647493934da6d9e2e35ff6f8c) Importer(815301076,1909f56bfc062723c751e8b465ee728b)
Start importing Assets/Prefabs/OnScreenControls.prefab using Guid(ea65183647493934da6d9e2e35ff6f8c) Importer(815301076,1909f56bfc062723c751e8b465ee728b)  -> (artifact id: 'bf5514cda8fec253ab727fef3f5bc443') in 0.017767 seconds 
========================================================================
Received Import Request.
  Time since last request: 3.436715 seconds.
  path: Assets/Prefabs/OnScreenControls.prefab
  artifactKey: Guid(ea65183647493934da6d9e2e35ff6f8c) Importer(815301076,1909f56bfc062723c751e8b465ee728b)
Start importing Assets/Prefabs/OnScreenControls.prefab using Guid(ea65183647493934da6d9e2e35ff6f8c) Importer(815301076,1909f56bfc062723c751e8b465ee728b)  -> (artifact id: '22cad9d394ac75d6749e72d86da0f595') in 0.017226 seconds 
========================================================================
Received Import Request.
  Time since last request: 1.770350 seconds.
  path: Assets/Prefabs/OnScreenControls.prefab
  artifactKey: Guid(ea65183647493934da6d9e2e35ff6f8c) Importer(815301076,1909f56bfc062723c751e8b465ee728b)
Start importing Assets/Prefabs/OnScreenControls.prefab using Guid(ea65183647493934da6d9e2e35ff6f8c) Importer(815301076,1909f56bfc062723c751e8b465ee728b)  -> (artifact id: '37b404a6ac644e8cdc9c3935b4fa49d5') in 0.015177 seconds 
========================================================================
Received Import Request.
  Time since last request: 15.072263 seconds.
  path: Assets/Prefabs/OnScreenControls.prefab
  artifactKey: Guid(ea65183647493934da6d9e2e35ff6f8c) Importer(815301076,1909f56bfc062723c751e8b465ee728b)
Start importing Assets/Prefabs/OnScreenControls.prefab using Guid(ea65183647493934da6d9e2e35ff6f8c) Importer(815301076,1909f56bfc062723c751e8b465ee728b)  -> (artifact id: '15c50825aff1fa0145b89bf5ff5925fd') in 0.017234 seconds 
========================================================================
Received Import Request.
  Time since last request: 1.199260 seconds.
  path: Assets/Prefabs/OnScreenControls.prefab
  artifactKey: Guid(ea65183647493934da6d9e2e35ff6f8c) Importer(815301076,1909f56bfc062723c751e8b465ee728b)
Start importing Assets/Prefabs/OnScreenControls.prefab using Guid(ea65183647493934da6d9e2e35ff6f8c) Importer(815301076,1909f56bfc062723c751e8b465ee728b)  -> (artifact id: 'c4fdbb953d07d0bccf038dd0f0811a11') in 0.023402 seconds 
========================================================================
Received Import Request.
  Time since last request: 2.009612 seconds.
  path: Assets/Prefabs/OnScreenControls.prefab
  artifactKey: Guid(ea65183647493934da6d9e2e35ff6f8c) Importer(815301076,1909f56bfc062723c751e8b465ee728b)
Start importing Assets/Prefabs/OnScreenControls.prefab using Guid(ea65183647493934da6d9e2e35ff6f8c) Importer(815301076,1909f56bfc062723c751e8b465ee728b)  -> (artifact id: '92a0d24eb0e9e8da9b2977fba734f5b7') in 0.016833 seconds 
========================================================================
Received Import Request.
  Time since last request: 10.595516 seconds.
  path: Assets/Scenes/Level 1.unity
  artifactKey: Guid(7d31aa292b02c084d8c3ca5908cf6e8a) Importer(815301076,1909f56bfc062723c751e8b465ee728b)
Start importing Assets/Scenes/Level 1.unity using Guid(7d31aa292b02c084d8c3ca5908cf6e8a) Importer(815301076,1909f56bfc062723c751e8b465ee728b)  -> (artifact id: 'fceec5d3a659c4c0f4ef0b249cf57099') in 0.004350 seconds 
========================================================================
Received Import Request.
  Time since last request: 2.449366 seconds.
  path: Assets/Scenes/Level 2.unity
  artifactKey: Guid(943139d9fb54f3146af0896b9af70b8b) Importer(815301076,1909f56bfc062723c751e8b465ee728b)
Start importing Assets/Scenes/Level 2.unity using Guid(943139d9fb54f3146af0896b9af70b8b) Importer(815301076,1909f56bfc062723c751e8b465ee728b)  -> (artifact id: 'e99dc377b4c2026e6324835a3a6733fb') in 0.004363 seconds 
========================================================================
Received Import Request.
  Time since last request: 2.041450 seconds.
  path: Assets/Scenes/Level 3.unity
  artifactKey: Guid(09f5f59427cc10842aff4836b2f937c3) Importer(815301076,1909f56bfc062723c751e8b465ee728b)
Start importing Assets/Scenes/Level 3.unity using Guid(09f5f59427cc10842aff4836b2f937c3) Importer(815301076,1909f56bfc062723c751e8b465ee728b)  -> (artifact id: '89737719fc94189e347c5d092f0e43f3') in 0.004233 seconds 
========================================================================
Received Prepare
Registering precompiled user dll's ...
Registered in 0.004073 seconds.
Begin MonoManager ReloadAssembly
Native extension for WindowsStandalone target not found
Native extension for Android target not found
Native extension for WebGL target not found
Refreshing native plugins compatible for Editor in 0.63 ms, found 2 plugins.
Preloading 0 native plugins for Editor in 0.00 ms.
Mono: successfully reloaded assembly
- Completed reload, in  0.632 seconds
Domain Reload Profiling:
	ReloadAssembly (632ms)
		BeginReloadAssembly (95ms)
			ExecutionOrderSort (0ms)
			DisableScriptedObjects (3ms)
			BackupInstance (0ms)
			ReleaseScriptingObjects (0ms)
			CreateAndSetChildDomain (24ms)
		EndReloadAssembly (469ms)
			LoadAssemblies (52ms)
			RebuildTransferFunctionScriptingTraits (0ms)
			SetupTypeCache (114ms)
			ReleaseScriptCaches (1ms)
			RebuildScriptCaches (26ms)
			SetupLoadedEditorAssemblies (250ms)
				LogAssemblyErrors (0ms)
				InitializePlatformSupportModulesInManaged (19ms)
				SetLoadedEditorAssemblies (0ms)
				RefreshPlugins (1ms)
				BeforeProcessingInitializeOnLoad (44ms)
				ProcessInitializeOnLoadAttributes (158ms)
				ProcessInitializeOnLoadMethodAttributes (22ms)
				AfterProcessingInitializeOnLoad (6ms)
				EditorAssembliesLoaded (0ms)
			ExecutionOrderSort2 (0ms)
			AwakeInstancesAfterBackupRestoration (4ms)
Platform modules already initialized, skipping
Refreshing native plugins compatible for Editor in 1.12 ms, found 2 plugins.
Preloading 0 native plugins for Editor in 0.00 ms.
Unloading 1854 Unused Serialized files (Serialized files now loaded: 0)
Unloading 17 unused Assets / (98.9 KB). Loaded Objects now: 2364.
Memory consumption went from 79.8 MB to 79.7 MB.
Total: 2.302900 ms (FindLiveObjects: 0.126700 ms CreateObjectMapping: 0.040700 ms MarkObjects: 2.100200 ms  DeleteObjects: 0.034500 ms)

AssetImportParameters requested are different than current active one (requested -> active):
  custom:video-decoder-ogg-theora: a1e56fd34408186e4bbccfd4996cb3dc -> 
  custom:container-muxer-webm: aa71ff27fc2769a1b78a27578f13a17b -> 
  custom:container-demuxer-webm: 4f35f7cbe854078d1ac9338744f61a02 -> 
  custom:video-encoder-webm-vp8: eb34c28f22e8b96e1ab97ce403110664 -> 
  custom:audio-encoder-webm-vorbis: bf7c407c2cedff20999df2af8eb42d56 -> 
  custom:framework-win-MediaFoundation: 216162199b28c13a410421893ffa2e32 -> 
  custom:container-demuxer-ogg: 62fdf1f143b41e24485cea50d1cbac27 -> 
  custom:video-decoder-webm-vp8: 9c59270c3fd7afecdb556c50c9e8de78 -> 
  custom:audio-decoder-ogg-vorbis: bf7c407c2cedff20999df2af8eb42d56 -> 
========================================================================
Received Import Request.
  Time since last request: 106.061711 seconds.
  path: Assets/Scenes/Level 4.unity
  artifactKey: Guid(902062a1b20c8dc4da86e589c5e9b200) Importer(815301076,1909f56bfc062723c751e8b465ee728b)
Start importing Assets/Scenes/Level 4.unity using Guid(902062a1b20c8dc4da86e589c5e9b200) Importer(815301076,1909f56bfc062723c751e8b465ee728b)  -> (artifact id: 'bbe94ec7e6a63f2dbcfd33e1ed786ab4') in 0.007386 seconds 
========================================================================
Received Import Request.
  Time since last request: 3.025124 seconds.
  path: Assets/Scenes/Level 6.unity
  artifactKey: Guid(cc99b7ab93dae944d83ebce938171f42) Importer(815301076,1909f56bfc062723c751e8b465ee728b)
Start importing Assets/Scenes/Level 6.unity using Guid(cc99b7ab93dae944d83ebce938171f42) Importer(815301076,1909f56bfc062723c751e8b465ee728b)  -> (artifact id: '372af5d2742eee010c6905da5157985f') in 0.004404 seconds 
========================================================================
Received Import Request.
  Time since last request: 8.616228 seconds.
  path: Assets/Scenes/Level 5.unity
  artifactKey: Guid(a89e68e66f7e88f47b960b4d386bebde) Importer(815301076,1909f56bfc062723c751e8b465ee728b)
Start importing Assets/Scenes/Level 5.unity using Guid(a89e68e66f7e88f47b960b4d386bebde) Importer(815301076,1909f56bfc062723c751e8b465ee728b)  -> (artifact id: '92c73b11928588317375adb53f293f67') in 0.005069 seconds 
========================================================================
Received Import Request.
  Time since last request: 2.285127 seconds.
  path: Assets/Scenes/Level 3.unity
  artifactKey: Guid(09f5f59427cc10842aff4836b2f937c3) Importer(815301076,1909f56bfc062723c751e8b465ee728b)
Start importing Assets/Scenes/Level 3.unity using Guid(09f5f59427cc10842aff4836b2f937c3) Importer(815301076,1909f56bfc062723c751e8b465ee728b)  -> (artifact id: 'eb8c0f5c4350093393f1a74834190b15') in 0.001756 seconds 
========================================================================
Received Prepare
Registering precompiled user dll's ...
Registered in 0.002998 seconds.
Begin MonoManager ReloadAssembly
Native extension for WindowsStandalone target not found
Native extension for Android target not found
Native extension for WebGL target not found
Refreshing native plugins compatible for Editor in 0.35 ms, found 2 plugins.
Preloading 0 native plugins for Editor in 0.00 ms.
Mono: successfully reloaded assembly
- Completed reload, in  0.629 seconds
Domain Reload Profiling:
	ReloadAssembly (629ms)
		BeginReloadAssembly (94ms)
			ExecutionOrderSort (0ms)
			DisableScriptedObjects (3ms)
			BackupInstance (0ms)
			ReleaseScriptingObjects (0ms)
			CreateAndSetChildDomain (25ms)
		EndReloadAssembly (466ms)
			LoadAssemblies (55ms)
			RebuildTransferFunctionScriptingTraits (0ms)
			SetupTypeCache (116ms)
			ReleaseScriptCaches (1ms)
			RebuildScriptCaches (27ms)
			SetupLoadedEditorAssemblies (237ms)
				LogAssemblyErrors (0ms)
				InitializePlatformSupportModulesInManaged (19ms)
				SetLoadedEditorAssemblies (0ms)
				RefreshPlugins (0ms)
				BeforeProcessingInitializeOnLoad (35ms)
				ProcessInitializeOnLoadAttributes (154ms)
				ProcessInitializeOnLoadMethodAttributes (23ms)
				AfterProcessingInitializeOnLoad (6ms)
				EditorAssembliesLoaded (0ms)
			ExecutionOrderSort2 (0ms)
			AwakeInstancesAfterBackupRestoration (4ms)
Platform modules already initialized, skipping
Refreshing native plugins compatible for Editor in 1.24 ms, found 2 plugins.
Preloading 0 native plugins for Editor in 0.00 ms.
Unloading 1854 Unused Serialized files (Serialized files now loaded: 0)
Unloading 15 unused Assets / (97.3 KB). Loaded Objects now: 2379.
Memory consumption went from 79.9 MB to 79.8 MB.
Total: 2.320400 ms (FindLiveObjects: 0.239700 ms CreateObjectMapping: 0.057500 ms MarkObjects: 1.995800 ms  DeleteObjects: 0.026700 ms)

AssetImportParameters requested are different than current active one (requested -> active):
  custom:video-decoder-ogg-theora: a1e56fd34408186e4bbccfd4996cb3dc -> 
  custom:container-muxer-webm: aa71ff27fc2769a1b78a27578f13a17b -> 
  custom:container-demuxer-webm: 4f35f7cbe854078d1ac9338744f61a02 -> 
  custom:video-encoder-webm-vp8: eb34c28f22e8b96e1ab97ce403110664 -> 
  custom:audio-encoder-webm-vorbis: bf7c407c2cedff20999df2af8eb42d56 -> 
  custom:framework-win-MediaFoundation: 216162199b28c13a410421893ffa2e32 -> 
  custom:container-demuxer-ogg: 62fdf1f143b41e24485cea50d1cbac27 -> 
  custom:video-decoder-webm-vp8: 9c59270c3fd7afecdb556c50c9e8de78 -> 
  custom:audio-decoder-ogg-vorbis: bf7c407c2cedff20999df2af8eb42d56 -> 
========================================================================
Received Prepare
Registering precompiled user dll's ...
Registered in 0.002997 seconds.
Begin MonoManager ReloadAssembly
Native extension for WindowsStandalone target not found
Native extension for Android target not found
Native extension for WebGL target not found
Refreshing native plugins compatible for Editor in 0.34 ms, found 2 plugins.
Preloading 0 native plugins for Editor in 0.00 ms.
Mono: successfully reloaded assembly
- Completed reload, in  0.619 seconds
Domain Reload Profiling:
	ReloadAssembly (619ms)
		BeginReloadAssembly (87ms)
			ExecutionOrderSort (0ms)
			DisableScriptedObjects (3ms)
			BackupInstance (0ms)
			ReleaseScriptingObjects (0ms)
			CreateAndSetChildDomain (22ms)
		EndReloadAssembly (467ms)
			LoadAssemblies (49ms)
			RebuildTransferFunctionScriptingTraits (0ms)
			SetupTypeCache (112ms)
			ReleaseScriptCaches (1ms)
			RebuildScriptCaches (28ms)
			SetupLoadedEditorAssemblies (249ms)
				LogAssemblyErrors (0ms)
				InitializePlatformSupportModulesInManaged (18ms)
				SetLoadedEditorAssemblies (0ms)
				RefreshPlugins (0ms)
				BeforeProcessingInitializeOnLoad (39ms)
				ProcessInitializeOnLoadAttributes (165ms)
				ProcessInitializeOnLoadMethodAttributes (21ms)
				AfterProcessingInitializeOnLoad (6ms)
				EditorAssembliesLoaded (0ms)
			ExecutionOrderSort2 (0ms)
			AwakeInstancesAfterBackupRestoration (4ms)
Platform modules already initialized, skipping
Refreshing native plugins compatible for Editor in 1.07 ms, found 2 plugins.
Preloading 0 native plugins for Editor in 0.00 ms.
Unloading 1854 Unused Serialized files (Serialized files now loaded: 0)
Unloading 15 unused Assets / (97.3 KB). Loaded Objects now: 2394.
Memory consumption went from 79.9 MB to 79.8 MB.
Total: 2.062800 ms (FindLiveObjects: 0.115800 ms CreateObjectMapping: 0.041000 ms MarkObjects: 1.880400 ms  DeleteObjects: 0.025100 ms)

AssetImportParameters requested are different than current active one (requested -> active):
  custom:video-decoder-ogg-theora: a1e56fd34408186e4bbccfd4996cb3dc -> 
  custom:container-muxer-webm: aa71ff27fc2769a1b78a27578f13a17b -> 
  custom:container-demuxer-webm: 4f35f7cbe854078d1ac9338744f61a02 -> 
  custom:video-encoder-webm-vp8: eb34c28f22e8b96e1ab97ce403110664 -> 
  custom:audio-encoder-webm-vorbis: bf7c407c2cedff20999df2af8eb42d56 -> 
  custom:framework-win-MediaFoundation: 216162199b28c13a410421893ffa2e32 -> 
  custom:container-demuxer-ogg: 62fdf1f143b41e24485cea50d1cbac27 -> 
  custom:video-decoder-webm-vp8: 9c59270c3fd7afecdb556c50c9e8de78 -> 
  custom:audio-decoder-ogg-vorbis: bf7c407c2cedff20999df2af8eb42d56 -> 
========================================================================
Received Prepare
Registering precompiled user dll's ...
Registered in 0.002872 seconds.
Begin MonoManager ReloadAssembly
Native extension for WindowsStandalone target not found
Native extension for Android target not found
Native extension for WebGL target not found
Refreshing native plugins compatible for Editor in 0.53 ms, found 2 plugins.
Preloading 0 native plugins for Editor in 0.00 ms.
Mono: successfully reloaded assembly
- Completed reload, in  0.637 seconds
Domain Reload Profiling:
	ReloadAssembly (638ms)
		BeginReloadAssembly (92ms)
			ExecutionOrderSort (0ms)
			DisableScriptedObjects (3ms)
			BackupInstance (0ms)
			ReleaseScriptingObjects (0ms)
			CreateAndSetChildDomain (23ms)
		EndReloadAssembly (478ms)
			LoadAssemblies (53ms)
			RebuildTransferFunctionScriptingTraits (0ms)
			SetupTypeCache (115ms)
			ReleaseScriptCaches (1ms)
			RebuildScriptCaches (27ms)
			SetupLoadedEditorAssemblies (257ms)
				LogAssemblyErrors (0ms)
				InitializePlatformSupportModulesInManaged (20ms)
				SetLoadedEditorAssemblies (0ms)
				RefreshPlugins (1ms)
				BeforeProcessingInitializeOnLoad (37ms)
				ProcessInitializeOnLoadAttributes (171ms)
				ProcessInitializeOnLoadMethodAttributes (22ms)
				AfterProcessingInitializeOnLoad (6ms)
				EditorAssembliesLoaded (0ms)
			ExecutionOrderSort2 (0ms)
			AwakeInstancesAfterBackupRestoration (4ms)
Platform modules already initialized, skipping
Refreshing native plugins compatible for Editor in 1.25 ms, found 2 plugins.
Preloading 0 native plugins for Editor in 0.00 ms.
Unloading 1854 Unused Serialized files (Serialized files now loaded: 0)
Unloading 15 unused Assets / (97.4 KB). Loaded Objects now: 2409.
Memory consumption went from 79.9 MB to 79.8 MB.
Total: 2.637000 ms (FindLiveObjects: 0.118700 ms CreateObjectMapping: 0.044000 ms MarkObjects: 2.442100 ms  DeleteObjects: 0.031400 ms)

AssetImportParameters requested are different than current active one (requested -> active):
  custom:video-decoder-ogg-theora: a1e56fd34408186e4bbccfd4996cb3dc -> 
  custom:container-muxer-webm: aa71ff27fc2769a1b78a27578f13a17b -> 
  custom:container-demuxer-webm: 4f35f7cbe854078d1ac9338744f61a02 -> 
  custom:video-encoder-webm-vp8: eb34c28f22e8b96e1ab97ce403110664 -> 
  custom:audio-encoder-webm-vorbis: bf7c407c2cedff20999df2af8eb42d56 -> 
  custom:framework-win-MediaFoundation: 216162199b28c13a410421893ffa2e32 -> 
  custom:container-demuxer-ogg: 62fdf1f143b41e24485cea50d1cbac27 -> 
  custom:video-decoder-webm-vp8: 9c59270c3fd7afecdb556c50c9e8de78 -> 
  custom:audio-decoder-ogg-vorbis: bf7c407c2cedff20999df2af8eb42d56 -> 
========================================================================
Received Prepare
Registering precompiled user dll's ...
Registered in 0.002959 seconds.
Begin MonoManager ReloadAssembly
Native extension for WindowsStandalone target not found
Native extension for Android target not found
Native extension for WebGL target not found
Refreshing native plugins compatible for Editor in 0.44 ms, found 2 plugins.
Preloading 0 native plugins for Editor in 0.00 ms.
Mono: successfully reloaded assembly
- Completed reload, in  0.661 seconds
Domain Reload Profiling:
	ReloadAssembly (661ms)
		BeginReloadAssembly (94ms)
			ExecutionOrderSort (0ms)
			DisableScriptedObjects (3ms)
			BackupInstance (0ms)
			ReleaseScriptingObjects (0ms)
			CreateAndSetChildDomain (22ms)
		EndReloadAssembly (487ms)
			LoadAssemblies (56ms)
			RebuildTransferFunctionScriptingTraits (0ms)
			SetupTypeCache (123ms)
			ReleaseScriptCaches (1ms)
			RebuildScriptCaches (26ms)
			SetupLoadedEditorAssemblies (254ms)
				LogAssemblyErrors (0ms)
				InitializePlatformSupportModulesInManaged (17ms)
				SetLoadedEditorAssemblies (0ms)
				RefreshPlugins (0ms)
				BeforeProcessingInitializeOnLoad (37ms)
				ProcessInitializeOnLoadAttributes (168ms)
				ProcessInitializeOnLoadMethodAttributes (24ms)
				AfterProcessingInitializeOnLoad (7ms)
				EditorAssembliesLoaded (0ms)
			ExecutionOrderSort2 (0ms)
			AwakeInstancesAfterBackupRestoration (5ms)
Platform modules already initialized, skipping
Refreshing native plugins compatible for Editor in 1.10 ms, found 2 plugins.
Preloading 0 native plugins for Editor in 0.00 ms.
Unloading 1854 Unused Serialized files (Serialized files now loaded: 0)
Unloading 15 unused Assets / (97.3 KB). Loaded Objects now: 2424.
Memory consumption went from 79.9 MB to 79.8 MB.
Total: 2.389800 ms (FindLiveObjects: 0.121600 ms CreateObjectMapping: 0.040700 ms MarkObjects: 2.199400 ms  DeleteObjects: 0.027500 ms)

AssetImportParameters requested are different than current active one (requested -> active):
  custom:video-decoder-ogg-theora: a1e56fd34408186e4bbccfd4996cb3dc -> 
  custom:container-muxer-webm: aa71ff27fc2769a1b78a27578f13a17b -> 
  custom:container-demuxer-webm: 4f35f7cbe854078d1ac9338744f61a02 -> 
  custom:video-encoder-webm-vp8: eb34c28f22e8b96e1ab97ce403110664 -> 
  custom:audio-encoder-webm-vorbis: bf7c407c2cedff20999df2af8eb42d56 -> 
  custom:framework-win-MediaFoundation: 216162199b28c13a410421893ffa2e32 -> 
  custom:container-demuxer-ogg: 62fdf1f143b41e24485cea50d1cbac27 -> 
  custom:video-decoder-webm-vp8: 9c59270c3fd7afecdb556c50c9e8de78 -> 
  custom:audio-decoder-ogg-vorbis: bf7c407c2cedff20999df2af8eb42d56 -> 
========================================================================
Received Prepare
Registering precompiled user dll's ...
Registered in 0.005082 seconds.
Begin MonoManager ReloadAssembly
Native extension for WindowsStandalone target not found
Native extension for Android target not found
Native extension for WebGL target not found
Refreshing native plugins compatible for Editor in 0.35 ms, found 2 plugins.
Preloading 0 native plugins for Editor in 0.00 ms.
Mono: successfully reloaded assembly
- Completed reload, in  0.665 seconds
Domain Reload Profiling:
	ReloadAssembly (665ms)
		BeginReloadAssembly (89ms)
			ExecutionOrderSort (0ms)
			DisableScriptedObjects (4ms)
			BackupInstance (0ms)
			ReleaseScriptingObjects (0ms)
			CreateAndSetChildDomain (22ms)
		EndReloadAssembly (501ms)
			LoadAssemblies (53ms)
			RebuildTransferFunctionScriptingTraits (0ms)
			SetupTypeCache (117ms)
			ReleaseScriptCaches (1ms)
			RebuildScriptCaches (27ms)
			SetupLoadedEditorAssemblies (271ms)
				LogAssemblyErrors (0ms)
				InitializePlatformSupportModulesInManaged (17ms)
				SetLoadedEditorAssemblies (0ms)
				RefreshPlugins (0ms)
				BeforeProcessingInitializeOnLoad (40ms)
				ProcessInitializeOnLoadAttributes (181ms)
				ProcessInitializeOnLoadMethodAttributes (26ms)
				AfterProcessingInitializeOnLoad (7ms)
				EditorAssembliesLoaded (0ms)
			ExecutionOrderSort2 (0ms)
			AwakeInstancesAfterBackupRestoration (4ms)
Platform modules already initialized, skipping
Refreshing native plugins compatible for Editor in 1.29 ms, found 2 plugins.
Preloading 0 native plugins for Editor in 0.00 ms.
Unloading 1854 Unused Serialized files (Serialized files now loaded: 0)
Unloading 15 unused Assets / (97.3 KB). Loaded Objects now: 2439.
Memory consumption went from 79.9 MB to 79.8 MB.
Total: 2.245800 ms (FindLiveObjects: 0.115600 ms CreateObjectMapping: 0.034600 ms MarkObjects: 2.065700 ms  DeleteObjects: 0.029300 ms)

AssetImportParameters requested are different than current active one (requested -> active):
  custom:video-decoder-ogg-theora: a1e56fd34408186e4bbccfd4996cb3dc -> 
  custom:container-muxer-webm: aa71ff27fc2769a1b78a27578f13a17b -> 
  custom:container-demuxer-webm: 4f35f7cbe854078d1ac9338744f61a02 -> 
  custom:video-encoder-webm-vp8: eb34c28f22e8b96e1ab97ce403110664 -> 
  custom:audio-encoder-webm-vorbis: bf7c407c2cedff20999df2af8eb42d56 -> 
  custom:framework-win-MediaFoundation: 216162199b28c13a410421893ffa2e32 -> 
  custom:container-demuxer-ogg: 62fdf1f143b41e24485cea50d1cbac27 -> 
  custom:video-decoder-webm-vp8: 9c59270c3fd7afecdb556c50c9e8de78 -> 
  custom:audio-decoder-ogg-vorbis: bf7c407c2cedff20999df2af8eb42d56 -> 
========================================================================
Received Import Request.
  Time since last request: 333.924649 seconds.
  path: Assets/Scenes/Instructions.unity
  artifactKey: Guid(caa577025c8f9ac4a84c406f9e48bd2c) Importer(815301076,1909f56bfc062723c751e8b465ee728b)
Start importing Assets/Scenes/Instructions.unity using Guid(caa577025c8f9ac4a84c406f9e48bd2c) Importer(815301076,1909f56bfc062723c751e8b465ee728b)  -> (artifact id: 'ab3c06983642f4fa604c3c3aaf6eb933') in 0.007292 seconds 
========================================================================
Received Import Request.
  Time since last request: 3.922358 seconds.
  path: Assets/Scenes/Main Menu.unity
  artifactKey: Guid(c4016d3e13e19d84fbd98715b1429ad5) Importer(815301076,1909f56bfc062723c751e8b465ee728b)
Start importing Assets/Scenes/Main Menu.unity using Guid(c4016d3e13e19d84fbd98715b1429ad5) Importer(815301076,1909f56bfc062723c751e8b465ee728b)  -> (artifact id: 'f2f443d6860f9e510d49363c42b3e171') in 0.004941 seconds 
========================================================================
Received Import Request.
  Time since last request: 21.446540 seconds.
  path: Assets/UI
  artifactKey: Guid(eb175900254483d46b4d3c801ba2079e) Importer(815301076,1909f56bfc062723c751e8b465ee728b)
Start importing Assets/UI using Guid(eb175900254483d46b4d3c801ba2079e) Importer(815301076,1909f56bfc062723c751e8b465ee728b)  -> (artifact id: '1a6766e2b8540ddeffa27134c2d74ceb') in 0.005550 seconds 
========================================================================
Received Import Request.
  Time since last request: 0.049008 seconds.
  path: Assets/UI/1145374.jpg
  artifactKey: Guid(e695fb00335fb3b47b0c5822bfee5227) Importer(815301076,1909f56bfc062723c751e8b465ee728b)
Start importing Assets/UI/1145374.jpg using Guid(e695fb00335fb3b47b0c5822bfee5227) Importer(815301076,1909f56bfc062723c751e8b465ee728b)  -> (artifact id: '4e6c5d561a8dab8b667c5d085149fe5b') in 0.178691 seconds 
========================================================================
Received Import Request.
  Time since last request: 0.000026 seconds.
  path: Assets/UI/Instructions.png
  artifactKey: Guid(12da46d419658c34b8a801476e9f104c) Importer(815301076,1909f56bfc062723c751e8b465ee728b)
Start importing Assets/UI/Instructions.png using Guid(12da46d419658c34b8a801476e9f104c) Importer(815301076,1909f56bfc062723c751e8b465ee728b)  -> (artifact id: '34098540f0acbee68d82be10b6b9b420') in 0.128604 seconds 
========================================================================
Received Import Request.
  Time since last request: 0.000017 seconds.
  path: Assets/UI/pexels-alberlan-barros-7311920.jpg
  artifactKey: Guid(81e3b078def3c6c439459435ce1ac703) Importer(815301076,1909f56bfc062723c751e8b465ee728b)
Start importing Assets/UI/pexels-alberlan-barros-7311920.jpg using Guid(81e3b078def3c6c439459435ce1ac703) Importer(815301076,1909f56bfc062723c751e8b465ee728b)  -> (artifact id: 'addc8154d7912964c47ad82b80d8e974') in 0.280515 seconds 
========================================================================
Received Import Request.
  Time since last request: 0.000016 seconds.
  path: Assets/UI/Logo.png
  artifactKey: Guid(5cd93d5441314e24ea36fcae5ccbc5a9) Importer(815301076,1909f56bfc062723c751e8b465ee728b)
Start importing Assets/UI/Logo.png using Guid(5cd93d5441314e24ea36fcae5ccbc5a9) Importer(815301076,1909f56bfc062723c751e8b465ee728b)  -> (artifact id: '1db7e3956c0e484ce59a5f1a2e620a18') in 0.094794 seconds 
========================================================================
Received Import Request.
  Time since last request: 14.611588 seconds.
  path: Assets/TextMesh Pro/Resources/Fonts & Materials/LiberationSans SDF - Drop Shadow.mat
  artifactKey: Guid(e73a58f6e2794ae7b1b7e50b7fb811b0) Importer(815301076,1909f56bfc062723c751e8b465ee728b)
Start importing Assets/TextMesh Pro/Resources/Fonts & Materials/LiberationSans SDF - Drop Shadow.mat using Guid(e73a58f6e2794ae7b1b7e50b7fb811b0) Importer(815301076,1909f56bfc062723c751e8b465ee728b)  -> (artifact id: '4ea87606a8ce6728af4aed464715f259') in 0.082642 seconds 
========================================================================
Received Import Request.
  Time since last request: 2.660442 seconds.
  path: Assets/Fonts/SPACE SDF.asset
  artifactKey: Guid(c02e7f6e86d3bd644b285dc633695ab0) Importer(815301076,1909f56bfc062723c751e8b465ee728b)
Start importing Assets/Fonts/SPACE SDF.asset using Guid(c02e7f6e86d3bd644b285dc633695ab0) Importer(815301076,1909f56bfc062723c751e8b465ee728b)  -> (artifact id: 'bcca693eae2f9967ffd1fa9f37421c04') in 0.029400 seconds 
========================================================================
Received Import Request.
  Time since last request: 74.633607 seconds.
  path: Assets/TextMesh Pro/Resources/Fonts & Materials/LiberationSans SDF - Fallback.asset
  artifactKey: Guid(2e498d1c8094910479dc3e1b768306a4) Importer(815301076,1909f56bfc062723c751e8b465ee728b)
Start importing Assets/TextMesh Pro/Resources/Fonts & Materials/LiberationSans SDF - Fallback.asset using Guid(2e498d1c8094910479dc3e1b768306a4) Importer(815301076,1909f56bfc062723c751e8b465ee728b)  -> (artifact id: '0194e2d3c2c3e01852c088b882eb8f53') in 0.037929 seconds 
========================================================================
Received Prepare
Refreshing native plugins compatible for Editor in 2.50 ms, found 2 plugins.
Preloading 0 native plugins for Editor in 0.00 ms.
Unloading 15 Unused Serialized files (Serialized files now loaded: 0)
Unloading 15 unused Assets / (94.6 KB). Loaded Objects now: 2492.
Memory consumption went from 47.6 MB to 47.5 MB.
Total: 2.587600 ms (FindLiveObjects: 0.119000 ms CreateObjectMapping: 0.034900 ms MarkObjects: 2.408500 ms  DeleteObjects: 0.024500 ms)

AssetImportParameters requested are different than current active one (requested -> active):
  custom:video-decoder-ogg-theora: a1e56fd34408186e4bbccfd4996cb3dc -> 
  custom:container-muxer-webm: aa71ff27fc2769a1b78a27578f13a17b -> 
  custom:container-demuxer-webm: 4f35f7cbe854078d1ac9338744f61a02 -> 
  custom:video-encoder-webm-vp8: eb34c28f22e8b96e1ab97ce403110664 -> 
  custom:audio-encoder-webm-vorbis: bf7c407c2cedff20999df2af8eb42d56 -> 
  custom:framework-win-MediaFoundation: 216162199b28c13a410421893ffa2e32 -> 
  custom:container-demuxer-ogg: 62fdf1f143b41e24485cea50d1cbac27 -> 
  custom:video-decoder-webm-vp8: 9c59270c3fd7afecdb556c50c9e8de78 -> 
  custom:audio-decoder-ogg-vorbis: bf7c407c2cedff20999df2af8eb42d56 -> 
========================================================================
Received Import Request.
  Time since last request: 43.088668 seconds.
  path: Assets/TextMesh Pro/Resources/Fonts & Materials/LiberationSans SDF - Fallback.asset
  artifactKey: Guid(2e498d1c8094910479dc3e1b768306a4) Importer(815301076,1909f56bfc062723c751e8b465ee728b)
Start importing Assets/TextMesh Pro/Resources/Fonts & Materials/LiberationSans SDF - Fallback.asset using Guid(2e498d1c8094910479dc3e1b768306a4) Importer(815301076,1909f56bfc062723c751e8b465ee728b)  -> (artifact id: 'beec8c7992c5fb814ac225832a13c60d') in 0.086465 seconds 
